Mon May 26 20:14:34 +0000 2025 - Executing "{openroad -exit -no_init -python /openlane/scripts/odbpy/lefutil.py get_metal_layers -o /openlane/designs/lab1_design/runs/RUN_2025.05.26_20.14.34/tmp/layers.list /root/.volare/sky130A/libs.ref/sky130_fd_sc_hd/techlef/sky130_fd_sc_hd__nom.tlef}"

Mon May 26 20:14:35 +0000 2025 - Executing "{/openlane/scripts/mergeLef.py -o /openlane/designs/lab1_design/runs/RUN_2025.05.26_20.14.34/tmp/merged.nom.lef -i /root/.volare/sky130A/libs.ref/sky130_fd_sc_hd/techlef/sky130_fd_sc_hd__nom.tlef {/root/.volare/sky130A/libs.ref/sky130_fd_sc_hd/lef/sky130_ef_sc_hd.lef /root/.volare/sky130A/libs.ref/sky130_fd_sc_hd/lef/sky130_fd_sc_hd.lef} |& tee /dev/null}"

Mon May 26 20:14:36 +0000 2025 - Executing "{/openlane/scripts/mergeLef.py -o /openlane/designs/lab1_design/runs/RUN_2025.05.26_20.14.34/tmp/merged.min.lef -i /root/.volare/sky130A/libs.ref/sky130_fd_sc_hd/techlef/sky130_fd_sc_hd__min.tlef {/root/.volare/sky130A/libs.ref/sky130_fd_sc_hd/lef/sky130_ef_sc_hd.lef /root/.volare/sky130A/libs.ref/sky130_fd_sc_hd/lef/sky130_fd_sc_hd.lef} |& tee /dev/null}"

Mon May 26 20:14:36 +0000 2025 - Executing "{/openlane/scripts/mergeLef.py -o /openlane/designs/lab1_design/runs/RUN_2025.05.26_20.14.34/tmp/merged.max.lef -i /root/.volare/sky130A/libs.ref/sky130_fd_sc_hd/techlef/sky130_fd_sc_hd__max.tlef {/root/.volare/sky130A/libs.ref/sky130_fd_sc_hd/lef/sky130_ef_sc_hd.lef /root/.volare/sky130A/libs.ref/sky130_fd_sc_hd/lef/sky130_fd_sc_hd.lef} |& tee /dev/null}"

Mon May 26 20:14:36 +0000 2025 - Executing "{python3 /openlane/scripts/mergeLib.py --output /openlane/designs/lab1_design/runs/RUN_2025.05.26_20.14.34/tmp/synthesis/merged.lib --name sky130A_merged /root/.volare/sky130A/libs.ref/sky130_fd_sc_hd/lib/sky130_fd_sc_hd__tt_025C_1v80.lib}"

Mon May 26 20:14:36 +0000 2025 - Executing "{python3 /openlane/scripts/libtrim.py --cell-file /openlane/designs/lab1_design/runs/RUN_2025.05.26_20.14.34/tmp/synthesis/trimmed.lib.exclude.list --output /openlane/designs/lab1_design/runs/RUN_2025.05.26_20.14.34/tmp/synthesis/trimmed.lib /openlane/designs/lab1_design/runs/RUN_2025.05.26_20.14.34/tmp/synthesis/merged.lib}"

Mon May 26 20:14:36 +0000 2025 - Executing "{python3 /openlane/scripts/libtrim.py --cell-file /openlane/designs/lab1_design/runs/RUN_2025.05.26_20.14.34/tmp/cts/cts.lib.exclude.list --output /openlane/designs/lab1_design/runs/RUN_2025.05.26_20.14.34/tmp/cts/cts.lib /root/.volare/sky130A/libs.ref/sky130_fd_sc_hd/lib/sky130_fd_sc_hd__tt_025C_1v80.lib}"

Mon May 26 20:14:37 +0000 2025 - Executing "{python3 /openlane/scripts/libtrim.py --cell-file /openlane/designs/lab1_design/runs/RUN_2025.05.26_20.14.34/tmp/cts/cts-fastest.lib.exclude.list --output /openlane/designs/lab1_design/runs/RUN_2025.05.26_20.14.34/tmp/cts/cts-fastest.lib /root/.volare/sky130A/libs.ref/sky130_fd_sc_hd/lib/sky130_fd_sc_hd__ff_n40C_1v95.lib}"

Mon May 26 20:14:37 +0000 2025 - Executing "{python3 /openlane/scripts/libtrim.py --cell-file /openlane/designs/lab1_design/runs/RUN_2025.05.26_20.14.34/tmp/cts/cts-slowest.lib.exclude.list --output /openlane/designs/lab1_design/runs/RUN_2025.05.26_20.14.34/tmp/cts/cts-slowest.lib /root/.volare/sky130A/libs.ref/sky130_fd_sc_hd/lib/sky130_fd_sc_hd__ss_100C_1v60.lib}"

Mon May 26 20:14:38 +0000 2025 - Executing "{python3 /openlane/scripts/new_tracks.py -i /root/.volare/sky130A/libs.tech/openlane/sky130_fd_sc_hd/tracks.info -o /openlane/designs/lab1_design/runs/RUN_2025.05.26_20.14.34/tmp/routing/config.tracks}"

Mon May 26 20:14:38 +0000 2025 - Executing "{echo {OpenLane e73fb3c57e687a0023fcd4dcfd1566ecd478362a} > /openlane/designs/lab1_design/runs/RUN_2025.05.26_20.14.34/OPENLANE_COMMIT}"

Mon May 26 20:14:38 +0000 2025 - Executing "{yosys -c /openlane/scripts/yosys/blackbox.tcl}"

Mon May 26 20:14:38 +0000 2025 - Executing "{verilator -Wall --lint-only --Wno-DECLFILENAME --top-module lab1 /openlane/designs/lab1_design/runs/RUN_2025.05.26_20.14.34/tmp/synthesis/blackbox/sky130_fd_sc_hd__blackbox.v /openlane/designs/lab1_design/src/lab1.v -Wno-fatal --relative-includes |& tee /openlane/designs/lab1_design/runs/RUN_2025.05.26_20.14.34/logs/synthesis/linter.log /dev/null}"

Mon May 26 20:14:38 +0000 2025 - Executing "{sed -E {s/^([[:space:]]+)pg_pin(.*)/\1pin\2\n\1    direction : "inout";/g} /root/.volare/sky130A/libs.ref/sky130_fd_sc_hd/lib/sky130_fd_sc_hd__tt_025C_1v80.lib > /openlane/designs/lab1_design/runs/RUN_2025.05.26_20.14.34/tmp/synthesis/1-sky130_fd_sc_hd__tt_025C_1v80.no_pg.lib}"

Mon May 26 20:14:39 +0000 2025 - Executing "{sed -E {s/^([[:space:]]+)pg_pin(.*)/\1pin\2\n\1    direction : "inout";/g} /openlane/designs/lab1_design/runs/RUN_2025.05.26_20.14.34/tmp/synthesis/trimmed.lib > /openlane/designs/lab1_design/runs/RUN_2025.05.26_20.14.34/tmp/synthesis/1-trimmed.no_pg.lib}"

Mon May 26 20:14:39 +0000 2025 - Executing "yosys -c /openlane/scripts/yosys/synth.tcl |& tee /dev/null /openlane/designs/lab1_design/runs/RUN_2025.05.26_20.14.34/logs/synthesis/1-synthesis.log"

Mon May 26 20:14:39 +0000 2025 - Executing "{yosys -c /openlane/scripts/yosys/synth.tcl |& tee /dev/null /openlane/designs/lab1_design/runs/RUN_2025.05.26_20.14.34/logs/synthesis/1-synthesis.log}"

Mon May 26 20:14:40 +0000 2025 - Executing "{sed -i.bak -e {s/\(set ::env(CURRENT_NETLIST)\).*/\1 \/openlane\/designs\/lab1_design\/runs\/RUN_2025.05.26_20.14.34\/results\/synthesis\/lab1.v/} /openlane/designs/lab1_design/runs/RUN_2025.05.26_20.14.34/config.tcl}"

Mon May 26 20:14:40 +0000 2025 - Executing "{sed -i.bak /defparam/d /openlane/designs/lab1_design/runs/RUN_2025.05.26_20.14.34/results/synthesis/lab1.v}"

Mon May 26 20:14:40 +0000 2025 - Executing "sta -exit -no_init /openlane/scripts/openroad/sta/multi_corner.tcl |& tee /dev/null /openlane/designs/lab1_design/runs/RUN_2025.05.26_20.14.34/logs/synthesis/2-sta.log"

Mon May 26 20:14:40 +0000 2025 - Executing "{sta -exit -no_init /openlane/scripts/openroad/sta/multi_corner.tcl |& tee /dev/null /openlane/designs/lab1_design/runs/RUN_2025.05.26_20.14.34/logs/synthesis/2-sta.log}"

Mon May 26 20:14:41 +0000 2025 - Executing "openroad -exit /openlane/scripts/openroad/floorplan.tcl |& tee /dev/null /openlane/designs/lab1_design/runs/RUN_2025.05.26_20.14.34/logs/floorplan/3-initial_fp.log"

Mon May 26 20:14:41 +0000 2025 - Executing "{openroad -exit /openlane/scripts/openroad/floorplan.tcl |& tee /dev/null /openlane/designs/lab1_design/runs/RUN_2025.05.26_20.14.34/logs/floorplan/3-initial_fp.log}"

Mon May 26 20:14:42 +0000 2025 - Executing "{openroad -exit -no_init -python /openlane/scripts/odbpy/defutil.py extract_core_dims --output-data /openlane/designs/lab1_design/runs/RUN_2025.05.26_20.14.34/tmp/dimensions.txt --input-lef /openlane/designs/lab1_design/runs/RUN_2025.05.26_20.14.34/tmp/merged.nom.lef /openlane/designs/lab1_design/runs/RUN_2025.05.26_20.14.34/tmp/floorplan/3-initial_fp.def}"

Mon May 26 20:14:42 +0000 2025 - Executing "{openroad -exit -no_init -python /openlane/scripts/odbpy/io_place.py --config /openlane/designs/lab1_design/pin_order.cfg --hor-layer met3 --ver-layer met2 --ver-width-mult 2 --hor-width-mult 2 --hor-extension 0 --ver-extension 0 --length 4 --unmatched-error --input-lef /openlane/designs/lab1_design/runs/RUN_2025.05.26_20.14.34/tmp/merged.nom.lef --output-def /openlane/designs/lab1_design/runs/RUN_2025.05.26_20.14.34/tmp/floorplan/4-io.def --output /openlane/designs/lab1_design/runs/RUN_2025.05.26_20.14.34/tmp/floorplan/4-io.odb /openlane/designs/lab1_design/runs/RUN_2025.05.26_20.14.34/tmp/floorplan/3-initial_fp.odb |& tee /dev/null /openlane/designs/lab1_design/runs/RUN_2025.05.26_20.14.34/logs/floorplan/4-place_io.log}"

Mon May 26 20:14:43 +0000 2025 - Executing "openroad -exit /openlane/scripts/openroad/tapcell.tcl |& tee /dev/null /openlane/designs/lab1_design/runs/RUN_2025.05.26_20.14.34/logs/floorplan/5-tap.log"

Mon May 26 20:14:43 +0000 2025 - Executing "{openroad -exit /openlane/scripts/openroad/tapcell.tcl |& tee /dev/null /openlane/designs/lab1_design/runs/RUN_2025.05.26_20.14.34/logs/floorplan/5-tap.log}"

Mon May 26 20:14:44 +0000 2025 - Executing "openroad -exit /openlane/scripts/openroad/pdn.tcl |& tee /dev/null /openlane/designs/lab1_design/runs/RUN_2025.05.26_20.14.34/logs/floorplan/6-pdn.log"

Mon May 26 20:14:44 +0000 2025 - Executing "{openroad -exit /openlane/scripts/openroad/pdn.tcl |& tee /dev/null /openlane/designs/lab1_design/runs/RUN_2025.05.26_20.14.34/logs/floorplan/6-pdn.log}"

Mon May 26 20:14:45 +0000 2025 - Executing "{openroad -exit -no_init -python /openlane/scripts/odbpy/random_place.py --input-lef /openlane/designs/lab1_design/runs/RUN_2025.05.26_20.14.34/tmp/merged.nom.lef --output-def /openlane/designs/lab1_design/runs/RUN_2025.05.26_20.14.34/tmp/placement/7-global.def --output /openlane/designs/lab1_design/runs/RUN_2025.05.26_20.14.34/tmp/placement/7-global.odb /openlane/designs/lab1_design/runs/RUN_2025.05.26_20.14.34/results/floorplan/lab1.odb |& tee /dev/null /openlane/designs/lab1_design/runs/RUN_2025.05.26_20.14.34/logs/placement/7-global.log}"

Mon May 26 20:14:46 +0000 2025 - Executing "openroad -exit /openlane/scripts/openroad/resizer.tcl |& tee /dev/null /openlane/designs/lab1_design/runs/RUN_2025.05.26_20.14.34/logs/placement/8-resizer.log"

Mon May 26 20:14:46 +0000 2025 - Executing "{openroad -exit /openlane/scripts/openroad/resizer.tcl |& tee /dev/null /openlane/designs/lab1_design/runs/RUN_2025.05.26_20.14.34/logs/placement/8-resizer.log}"

Mon May 26 20:14:48 +0000 2025 - Executing "{sed -i.bak -e {s/\(set ::env(CURRENT_NETLIST)\).*/\1 \/openlane\/designs\/lab1_design\/runs\/RUN_2025.05.26_20.14.34\/tmp\/placement\/8-resizer.nl.v/} /openlane/designs/lab1_design/runs/RUN_2025.05.26_20.14.34/config.tcl}"

Mon May 26 20:14:48 +0000 2025 - Executing "openroad -exit /openlane/scripts/openroad/dpl.tcl |& tee /dev/null /openlane/designs/lab1_design/runs/RUN_2025.05.26_20.14.34/logs/placement/9-detailed.log"

Mon May 26 20:14:48 +0000 2025 - Executing "{openroad -exit /openlane/scripts/openroad/dpl.tcl |& tee /dev/null /openlane/designs/lab1_design/runs/RUN_2025.05.26_20.14.34/logs/placement/9-detailed.log}"

Mon May 26 20:14:49 +0000 2025 - Executing "{sed -i.bak -e {s/\(set ::env(CURRENT_NETLIST)\).*/\1 \/openlane\/designs\/lab1_design\/runs\/RUN_2025.05.26_20.14.34\/results\/placement\/lab1.nl.v/} /openlane/designs/lab1_design/runs/RUN_2025.05.26_20.14.34/config.tcl}"

Mon May 26 20:14:49 +0000 2025 - Executing "openroad -exit /openlane/scripts/openroad/sta/multi_corner.tcl |& tee /dev/null /openlane/designs/lab1_design/runs/RUN_2025.05.26_20.14.34/logs/placement/10-dpl_sta.log"

Mon May 26 20:14:49 +0000 2025 - Executing "{openroad -exit /openlane/scripts/openroad/sta/multi_corner.tcl |& tee /dev/null /openlane/designs/lab1_design/runs/RUN_2025.05.26_20.14.34/logs/placement/10-dpl_sta.log}"

Mon May 26 20:14:50 +0000 2025 - Executing "openroad -exit /openlane/scripts/openroad/cts.tcl |& tee /dev/null /openlane/designs/lab1_design/runs/RUN_2025.05.26_20.14.34/logs/cts/11-cts.log"

Mon May 26 20:14:50 +0000 2025 - Executing "{openroad -exit /openlane/scripts/openroad/cts.tcl |& tee /dev/null /openlane/designs/lab1_design/runs/RUN_2025.05.26_20.14.34/logs/cts/11-cts.log}"

Mon May 26 20:15:01 +0000 2025 - Executing "openroad -exit /openlane/scripts/openroad/sta/multi_corner.tcl |& tee /dev/null /openlane/designs/lab1_design/runs/RUN_2025.05.26_20.14.34/logs/cts/12-cts_sta.log"

Mon May 26 20:15:01 +0000 2025 - Executing "{openroad -exit /openlane/scripts/openroad/sta/multi_corner.tcl |& tee /dev/null /openlane/designs/lab1_design/runs/RUN_2025.05.26_20.14.34/logs/cts/12-cts_sta.log}"

Mon May 26 20:15:02 +0000 2025 - Executing "openroad -exit /openlane/scripts/openroad/resizer_timing.tcl |& tee /dev/null /openlane/designs/lab1_design/runs/RUN_2025.05.26_20.14.34/logs/cts/13-resizer.log"

Mon May 26 20:15:02 +0000 2025 - Executing "{openroad -exit /openlane/scripts/openroad/resizer_timing.tcl |& tee /dev/null /openlane/designs/lab1_design/runs/RUN_2025.05.26_20.14.34/logs/cts/13-resizer.log}"

Mon May 26 20:15:04 +0000 2025 - Executing "{sed -i.bak -e {s/\(set ::env(CURRENT_NETLIST)\).*/\1 \/openlane\/designs\/lab1_design\/runs\/RUN_2025.05.26_20.14.34\/tmp\/cts\/13-lab1.resized.nl.v/} /openlane/designs/lab1_design/runs/RUN_2025.05.26_20.14.34/config.tcl}"

Mon May 26 20:15:04 +0000 2025 - Executing "openroad -exit /openlane/scripts/openroad/resizer_routing_design.tcl |& tee /dev/null /openlane/designs/lab1_design/runs/RUN_2025.05.26_20.14.34/logs/routing/14-resizer_design.log"

Mon May 26 20:15:04 +0000 2025 - Executing "{openroad -exit /openlane/scripts/openroad/resizer_routing_design.tcl |& tee /dev/null /openlane/designs/lab1_design/runs/RUN_2025.05.26_20.14.34/logs/routing/14-resizer_design.log}"

Mon May 26 20:15:07 +0000 2025 - Executing "{sed -i.bak -e {s/\(set ::env(CURRENT_NETLIST)\).*/\1 \/openlane\/designs\/lab1_design\/runs\/RUN_2025.05.26_20.14.34\/tmp\/14-lab1.nl.v/} /openlane/designs/lab1_design/runs/RUN_2025.05.26_20.14.34/config.tcl}"

Mon May 26 20:15:07 +0000 2025 - Executing "openroad -exit /openlane/scripts/openroad/sta/multi_corner.tcl |& tee /dev/null /openlane/designs/lab1_design/runs/RUN_2025.05.26_20.14.34/logs/routing/15-rsz_design_sta.log"

Mon May 26 20:15:07 +0000 2025 - Executing "{openroad -exit /openlane/scripts/openroad/sta/multi_corner.tcl |& tee /dev/null /openlane/designs/lab1_design/runs/RUN_2025.05.26_20.14.34/logs/routing/15-rsz_design_sta.log}"

Mon May 26 20:15:08 +0000 2025 - Executing "openroad -exit /openlane/scripts/openroad/resizer_routing_timing.tcl |& tee /dev/null /openlane/designs/lab1_design/runs/RUN_2025.05.26_20.14.34/logs/routing/16-resizer_timing.log"

Mon May 26 20:15:08 +0000 2025 - Executing "{openroad -exit /openlane/scripts/openroad/resizer_routing_timing.tcl |& tee /dev/null /openlane/designs/lab1_design/runs/RUN_2025.05.26_20.14.34/logs/routing/16-resizer_timing.log}"

Mon May 26 20:15:10 +0000 2025 - Executing "{sed -i.bak -e {s/\(set ::env(CURRENT_NETLIST)\).*/\1 \/openlane\/designs\/lab1_design\/runs\/RUN_2025.05.26_20.14.34\/tmp\/16-lab1.nl.v/} /openlane/designs/lab1_design/runs/RUN_2025.05.26_20.14.34/config.tcl}"

Mon May 26 20:15:10 +0000 2025 - Executing "openroad -exit /openlane/scripts/openroad/sta/multi_corner.tcl |& tee /dev/null /openlane/designs/lab1_design/runs/RUN_2025.05.26_20.14.34/logs/routing/17-rsz_timing_sta.log"

Mon May 26 20:15:10 +0000 2025 - Executing "{openroad -exit /openlane/scripts/openroad/sta/multi_corner.tcl |& tee /dev/null /openlane/designs/lab1_design/runs/RUN_2025.05.26_20.14.34/logs/routing/17-rsz_timing_sta.log}"

Mon May 26 20:15:11 +0000 2025 - Executing "openroad -exit /openlane/scripts/openroad/repair_antennas.tcl |& tee /dev/null /openlane/designs/lab1_design/runs/RUN_2025.05.26_20.14.34/logs/routing/18-global.log"

Mon May 26 20:15:11 +0000 2025 - Executing "{openroad -exit /openlane/scripts/openroad/repair_antennas.tcl |& tee /dev/null /openlane/designs/lab1_design/runs/RUN_2025.05.26_20.14.34/logs/routing/18-global.log}"

Mon May 26 20:15:12 +0000 2025 - Executing "openroad -exit /openlane/scripts/openroad/write_views.tcl |& tee /dev/null /openlane/designs/lab1_design/runs/RUN_2025.05.26_20.14.34/logs/routing/18-global_write_netlist.log"

Mon May 26 20:15:12 +0000 2025 - Executing "{openroad -exit /openlane/scripts/openroad/write_views.tcl |& tee /dev/null /openlane/designs/lab1_design/runs/RUN_2025.05.26_20.14.34/logs/routing/18-global_write_netlist.log}"

Mon May 26 20:15:13 +0000 2025 - Executing "{sed -i.bak -e {s/\(set ::env(CURRENT_NETLIST)\).*/\1 \/openlane\/designs\/lab1_design\/runs\/RUN_2025.05.26_20.14.34\/tmp\/routing\/global.nl.v/} /openlane/designs/lab1_design/runs/RUN_2025.05.26_20.14.34/config.tcl}"

Mon May 26 20:15:13 +0000 2025 - Executing "openroad -exit /openlane/scripts/openroad/sta/multi_corner.tcl |& tee /dev/null /openlane/designs/lab1_design/runs/RUN_2025.05.26_20.14.34/logs/routing/20-grt_sta.log"

Mon May 26 20:15:13 +0000 2025 - Executing "{openroad -exit /openlane/scripts/openroad/sta/multi_corner.tcl |& tee /dev/null /openlane/designs/lab1_design/runs/RUN_2025.05.26_20.14.34/logs/routing/20-grt_sta.log}"

Mon May 26 20:15:14 +0000 2025 - Executing "openroad -exit /openlane/scripts/openroad/fill.tcl |& tee /dev/null /openlane/designs/lab1_design/runs/RUN_2025.05.26_20.14.34/logs/routing/21-fill.log"

Mon May 26 20:15:14 +0000 2025 - Executing "{openroad -exit /openlane/scripts/openroad/fill.tcl |& tee /dev/null /openlane/designs/lab1_design/runs/RUN_2025.05.26_20.14.34/logs/routing/21-fill.log}"

Mon May 26 20:15:15 +0000 2025 - Executing "{sed -i.bak -e {s/\(set ::env(CURRENT_NETLIST)\).*/\1 \/openlane\/designs\/lab1_design\/runs\/RUN_2025.05.26_20.14.34\/tmp\/routing\/21-fill.nl.v/} /openlane/designs/lab1_design/runs/RUN_2025.05.26_20.14.34/config.tcl}"

Mon May 26 20:15:15 +0000 2025 - Executing "openroad -exit -metrics /openlane/designs/lab1_design/runs/RUN_2025.05.26_20.14.34/reports/routing/22-drt_metrics.json /openlane/scripts/openroad/droute.tcl |& tee /dev/null /openlane/designs/lab1_design/runs/RUN_2025.05.26_20.14.34/logs/routing/22-detailed.log"

Mon May 26 20:15:15 +0000 2025 - Executing "{openroad -exit -metrics /openlane/designs/lab1_design/runs/RUN_2025.05.26_20.14.34/reports/routing/22-drt_metrics.json /openlane/scripts/openroad/droute.tcl |& tee /dev/null /openlane/designs/lab1_design/runs/RUN_2025.05.26_20.14.34/logs/routing/22-detailed.log}"

Mon May 26 20:15:17 +0000 2025 - Executing "{sed -i.bak -e {s/\(set ::env(CURRENT_NETLIST)\).*/\1 \/openlane\/designs\/lab1_design\/runs\/RUN_2025.05.26_20.14.34\/results\/routing\/lab1.nl.v/} /openlane/designs/lab1_design/runs/RUN_2025.05.26_20.14.34/config.tcl}"

Mon May 26 20:15:17 +0000 2025 - Executing "{python3 /openlane/scripts/drc_rosetta.py tr to_klayout -o /openlane/designs/lab1_design/runs/RUN_2025.05.26_20.14.34/reports/routing/drt.klayout.xml --design-name lab1 /openlane/designs/lab1_design/runs/RUN_2025.05.26_20.14.34/reports/routing/drt.drc}"

Mon May 26 20:15:18 +0000 2025 - Executing "{openroad -exit -no_init -python /openlane/scripts/odbpy/wire_lengths.py --report-out /openlane/designs/lab1_design/runs/RUN_2025.05.26_20.14.34/reports/routing/23-wire_lengths.csv --input-lef /openlane/designs/lab1_design/runs/RUN_2025.05.26_20.14.34/tmp/merged.nom.lef --output-def /openlane/designs/lab1_design/runs/RUN_2025.05.26_20.14.34/results/routing/lab1.def --output /openlane/designs/lab1_design/runs/RUN_2025.05.26_20.14.34/results/routing/lab1.odb /openlane/designs/lab1_design/runs/RUN_2025.05.26_20.14.34/results/routing/lab1.odb |& tee /dev/null /openlane/designs/lab1_design/runs/RUN_2025.05.26_20.14.34/logs/routing/23-wire_lengths.log}"

Mon May 26 20:15:18 +0000 2025 - Executing "openroad -exit /openlane/scripts/openroad/rcx.tcl |& tee /dev/null /openlane/designs/lab1_design/runs/RUN_2025.05.26_20.14.34/logs/signoff/24-parasitics_extraction.min.log"

Mon May 26 20:15:18 +0000 2025 - Executing "{openroad -exit /openlane/scripts/openroad/rcx.tcl |& tee /dev/null /openlane/designs/lab1_design/runs/RUN_2025.05.26_20.14.34/logs/signoff/24-parasitics_extraction.min.log}"

Mon May 26 20:15:19 +0000 2025 - Executing "sta -exit -no_init /openlane/scripts/openroad/sta/multi_corner.tcl |& tee /dev/null /openlane/designs/lab1_design/runs/RUN_2025.05.26_20.14.34/logs/signoff/25-rcx_mcsta.min.log"

Mon May 26 20:15:19 +0000 2025 - Executing "{sta -exit -no_init /openlane/scripts/openroad/sta/multi_corner.tcl |& tee /dev/null /openlane/designs/lab1_design/runs/RUN_2025.05.26_20.14.34/logs/signoff/25-rcx_mcsta.min.log}"

Mon May 26 20:15:22 +0000 2025 - Executing "openroad -exit /openlane/scripts/openroad/rcx.tcl |& tee /dev/null /openlane/designs/lab1_design/runs/RUN_2025.05.26_20.14.34/logs/signoff/26-parasitics_extraction.max.log"

Mon May 26 20:15:22 +0000 2025 - Executing "{openroad -exit /openlane/scripts/openroad/rcx.tcl |& tee /dev/null /openlane/designs/lab1_design/runs/RUN_2025.05.26_20.14.34/logs/signoff/26-parasitics_extraction.max.log}"

Mon May 26 20:15:23 +0000 2025 - Executing "sta -exit -no_init /openlane/scripts/openroad/sta/multi_corner.tcl |& tee /dev/null /openlane/designs/lab1_design/runs/RUN_2025.05.26_20.14.34/logs/signoff/27-rcx_mcsta.max.log"

Mon May 26 20:15:23 +0000 2025 - Executing "{sta -exit -no_init /openlane/scripts/openroad/sta/multi_corner.tcl |& tee /dev/null /openlane/designs/lab1_design/runs/RUN_2025.05.26_20.14.34/logs/signoff/27-rcx_mcsta.max.log}"

Mon May 26 20:15:25 +0000 2025 - Executing "openroad -exit /openlane/scripts/openroad/rcx.tcl |& tee /dev/null /openlane/designs/lab1_design/runs/RUN_2025.05.26_20.14.34/logs/signoff/28-parasitics_extraction.nom.log"

Mon May 26 20:15:25 +0000 2025 - Executing "{openroad -exit /openlane/scripts/openroad/rcx.tcl |& tee /dev/null /openlane/designs/lab1_design/runs/RUN_2025.05.26_20.14.34/logs/signoff/28-parasitics_extraction.nom.log}"

Mon May 26 20:15:27 +0000 2025 - Executing "sta -exit -no_init /openlane/scripts/openroad/sta/multi_corner.tcl |& tee /dev/null /openlane/designs/lab1_design/runs/RUN_2025.05.26_20.14.34/logs/signoff/29-rcx_mcsta.nom.log"

Mon May 26 20:15:27 +0000 2025 - Executing "{sta -exit -no_init /openlane/scripts/openroad/sta/multi_corner.tcl |& tee /dev/null /openlane/designs/lab1_design/runs/RUN_2025.05.26_20.14.34/logs/signoff/29-rcx_mcsta.nom.log}"

Mon May 26 20:15:30 +0000 2025 - Executing "openroad -exit /openlane/scripts/openroad/irdrop.tcl |& tee /dev/null /openlane/designs/lab1_design/runs/RUN_2025.05.26_20.14.34/logs/signoff/30-irdrop.log"

Mon May 26 20:15:30 +0000 2025 - Executing "{openroad -exit /openlane/scripts/openroad/irdrop.tcl |& tee /dev/null /openlane/designs/lab1_design/runs/RUN_2025.05.26_20.14.34/logs/signoff/30-irdrop.log}"

Mon May 26 20:15:31 +0000 2025 - Executing "magic -noconsole -dnull -rcfile /root/.volare/sky130A/libs.tech/magic/sky130A.magicrc < /openlane/scripts/magic/wrapper.tcl |& tee /dev/null /openlane/designs/lab1_design/runs/RUN_2025.05.26_20.14.34/logs/signoff/31-gdsii.log"

Mon May 26 20:15:31 +0000 2025 - Executing "{magic -noconsole -dnull -rcfile /root/.volare/sky130A/libs.tech/magic/sky130A.magicrc < /openlane/scripts/magic/wrapper.tcl |& tee /dev/null /openlane/designs/lab1_design/runs/RUN_2025.05.26_20.14.34/logs/signoff/31-gdsii.log}"

Mon May 26 20:15:31 +0000 2025 - Executing "magic -noconsole -dnull -rcfile /root/.volare/sky130A/libs.tech/magic/sky130A.magicrc < /openlane/scripts/magic/wrapper.tcl |& tee /dev/null /openlane/designs/lab1_design/runs/RUN_2025.05.26_20.14.34/logs/signoff/31-gds_ptrs.log"

Mon May 26 20:15:31 +0000 2025 - Executing "{magic -noconsole -dnull -rcfile /root/.volare/sky130A/libs.tech/magic/sky130A.magicrc < /openlane/scripts/magic/wrapper.tcl |& tee /dev/null /openlane/designs/lab1_design/runs/RUN_2025.05.26_20.14.34/logs/signoff/31-gds_ptrs.log}"

Mon May 26 20:15:32 +0000 2025 - Executing "{sed -i.bak -n {/^<< properties >>/,/^<< end >>/p} /openlane/designs/lab1_design/runs/RUN_2025.05.26_20.14.34/tmp/signoff/gds_ptrs.mag}"

Mon May 26 20:15:32 +0000 2025 - Executing "magic -noconsole -dnull -rcfile /root/.volare/sky130A/libs.tech/magic/sky130A.magicrc < /openlane/scripts/magic/wrapper.tcl |& tee /dev/null /openlane/designs/lab1_design/runs/RUN_2025.05.26_20.14.34/logs/signoff/31-lef.log"

Mon May 26 20:15:32 +0000 2025 - Executing "{magic -noconsole -dnull -rcfile /root/.volare/sky130A/libs.tech/magic/sky130A.magicrc < /openlane/scripts/magic/wrapper.tcl |& tee /dev/null /openlane/designs/lab1_design/runs/RUN_2025.05.26_20.14.34/logs/signoff/31-lef.log}"

Mon May 26 20:15:32 +0000 2025 - Executing "magic -noconsole -dnull -rcfile /root/.volare/sky130A/libs.tech/magic/sky130A.magicrc < /openlane/scripts/magic/wrapper.tcl |& tee /dev/null /openlane/designs/lab1_design/runs/RUN_2025.05.26_20.14.34/logs/signoff/31-maglef.log"

Mon May 26 20:15:32 +0000 2025 - Executing "{magic -noconsole -dnull -rcfile /root/.volare/sky130A/libs.tech/magic/sky130A.magicrc < /openlane/scripts/magic/wrapper.tcl |& tee /dev/null /openlane/designs/lab1_design/runs/RUN_2025.05.26_20.14.34/logs/signoff/31-maglef.log}"

Mon May 26 20:15:33 +0000 2025 - Executing "{python3 /openlane/scripts/klayout/stream_out.py --output /openlane/designs/lab1_design/runs/RUN_2025.05.26_20.14.34/results/signoff/lab1.klayout.gds --lyt /root/.volare/sky130A/libs.tech/klayout/tech/sky130A.lyt --lym /root/.volare/sky130A/libs.tech/klayout/tech/sky130A.map --lyp /root/.volare/sky130A/libs.tech/klayout/tech/sky130A.lyp --top lab1 --with-gds-file /root/.volare/sky130A/libs.ref/sky130_fd_sc_hd/gds/sky130_fd_sc_hd.gds --input-lef /openlane/designs/lab1_design/runs/RUN_2025.05.26_20.14.34/tmp/merged.nom.lef /openlane/designs/lab1_design/runs/RUN_2025.05.26_20.14.34/results/routing/lab1.def |& tee /dev/null /openlane/designs/lab1_design/runs/RUN_2025.05.26_20.14.34/logs/signoff/32-gdsii-klayout.log}"

Mon May 26 20:15:33 +0000 2025 - Executing "{klayout -b -r /openlane/scripts/klayout/xor.drc -rd a=/openlane/designs/lab1_design/runs/RUN_2025.05.26_20.14.34/results/signoff/lab1.gds -rd b=/openlane/designs/lab1_design/runs/RUN_2025.05.26_20.14.34/results/signoff/lab1.klayout.gds -rd jobs=1 -rd rdb_out=/openlane/designs/lab1_design/runs/RUN_2025.05.26_20.14.34/reports/signoff/33-xor.xml -rd ignore=81/14 -rd rpt_out=/openlane/designs/lab1_design/runs/RUN_2025.05.26_20.14.34/reports/signoff/33-xor.rpt |& tee /dev/null /openlane/designs/lab1_design/runs/RUN_2025.05.26_20.14.34/logs/signoff/33-xor.log}"

Mon May 26 20:15:34 +0000 2025 - Executing "magic -noconsole -dnull -rcfile /root/.volare/sky130A/libs.tech/magic/sky130A.magicrc < /openlane/scripts/magic/wrapper.tcl |& tee /dev/null /openlane/designs/lab1_design/runs/RUN_2025.05.26_20.14.34/logs/signoff/34-spice.log"

Mon May 26 20:15:34 +0000 2025 - Executing "{magic -noconsole -dnull -rcfile /root/.volare/sky130A/libs.tech/magic/sky130A.magicrc < /openlane/scripts/magic/wrapper.tcl |& tee /dev/null /openlane/designs/lab1_design/runs/RUN_2025.05.26_20.14.34/logs/signoff/34-spice.log}"

Mon May 26 20:15:35 +0000 2025 - Executing "{openroad -exit -no_init -python /openlane/scripts/odbpy/power_utils.py write_powered_def --output /openlane/designs/lab1_design/runs/RUN_2025.05.26_20.14.34/tmp/signoff/34-lab1.p.def --input-lef /openlane/designs/lab1_design/runs/RUN_2025.05.26_20.14.34/tmp/merged.nom.lef --power-port VPWR --ground-port VGND --powered-netlist {} /openlane/designs/lab1_design/runs/RUN_2025.05.26_20.14.34/results/routing/lab1.def |& tee /dev/null /openlane/designs/lab1_design/runs/RUN_2025.05.26_20.14.34/logs/signoff/35-write_powered_def.log}"

Mon May 26 20:15:36 +0000 2025 - Executing "openroad -exit /openlane/scripts/openroad/write_views.tcl |& tee /dev/null /openlane/designs/lab1_design/runs/RUN_2025.05.26_20.14.34/logs/signoff/35-write_powered_verilog.log"

Mon May 26 20:15:36 +0000 2025 - Executing "{openroad -exit /openlane/scripts/openroad/write_views.tcl |& tee /dev/null /openlane/designs/lab1_design/runs/RUN_2025.05.26_20.14.34/logs/signoff/35-write_powered_verilog.log}"

Mon May 26 20:15:36 +0000 2025 - Executing "{sed -i.bak -e {s/\(set ::env(CURRENT_NETLIST)\).*/\1 \/openlane\/designs\/lab1_design\/runs\/RUN_2025.05.26_20.14.34\/tmp\/signoff\/34-lab1.nl.v/} /openlane/designs/lab1_design/runs/RUN_2025.05.26_20.14.34/config.tcl}"

Mon May 26 20:15:37 +0000 2025 - Executing "{netgen -batch source /openlane/designs/lab1_design/runs/RUN_2025.05.26_20.14.34/tmp/signoff/37-setup_file.lef.lvs |& tee /dev/null /openlane/designs/lab1_design/runs/RUN_2025.05.26_20.14.34/logs/signoff/37-lvs.lef.log}"

Mon May 26 20:15:37 +0000 2025 - Executing "magic -noconsole -dnull -rcfile /root/.volare/sky130A/libs.tech/magic/sky130A.magicrc < /openlane/scripts/magic/wrapper.tcl |& tee /dev/null /openlane/designs/lab1_design/runs/RUN_2025.05.26_20.14.34/logs/signoff/38-drc.log"

Mon May 26 20:15:37 +0000 2025 - Executing "{magic -noconsole -dnull -rcfile /root/.volare/sky130A/libs.tech/magic/sky130A.magicrc < /openlane/scripts/magic/wrapper.tcl |& tee /dev/null /openlane/designs/lab1_design/runs/RUN_2025.05.26_20.14.34/logs/signoff/38-drc.log}"

Mon May 26 20:15:38 +0000 2025 - Executing "{python3 /openlane/scripts/drc_rosetta.py magic to_tcl -o /openlane/designs/lab1_design/runs/RUN_2025.05.26_20.14.34/reports/signoff/drc.tcl /openlane/designs/lab1_design/runs/RUN_2025.05.26_20.14.34/reports/signoff/drc.rpt}"

Mon May 26 20:15:38 +0000 2025 - Executing "{python3 /openlane/scripts/drc_rosetta.py magic to_tr -o /openlane/designs/lab1_design/runs/RUN_2025.05.26_20.14.34/reports/signoff/drc.tr /openlane/designs/lab1_design/runs/RUN_2025.05.26_20.14.34/reports/signoff/drc.rpt}"

Mon May 26 20:15:38 +0000 2025 - Executing "{python3 /openlane/scripts/drc_rosetta.py tr to_klayout -o /openlane/designs/lab1_design/runs/RUN_2025.05.26_20.14.34/reports/signoff/drc.klayout.xml --design-name lab1 /openlane/designs/lab1_design/runs/RUN_2025.05.26_20.14.34/reports/signoff/drc.tr}"

Mon May 26 20:15:38 +0000 2025 - Executing "{python3 /openlane/scripts/drc_rosetta.py magic to_rdb -o /openlane/designs/lab1_design/runs/RUN_2025.05.26_20.14.34/reports/signoff/drc.rdb /openlane/designs/lab1_design/runs/RUN_2025.05.26_20.14.34/reports/signoff/drc.rpt}"

Mon May 26 20:15:38 +0000 2025 - Executing "{klayout -b -zz -r /root/.volare/sky130A/libs.tech/klayout/drc/sky130A_mr.drc -rd topcell=lab1 -rd input=/openlane/designs/lab1_design/runs/RUN_2025.05.26_20.14.34/results/signoff/lab1.gds -rd report=/openlane/designs/lab1_design/runs/RUN_2025.05.26_20.14.34/reports/signoff/violations.xml -rd feol=true -rd beol=true -rd floating_metal=false -rd seal=true -rd thread=1 |& tee /dev/null /openlane/designs/lab1_design/runs/RUN_2025.05.26_20.14.34/logs/signoff/39-drc-klayout.log}"

Mon May 26 20:15:40 +0000 2025 - Executing "{python3 /openlane/scripts/klayout/xml_drc_report_to_json.py --xml-file /openlane/designs/lab1_design/runs/RUN_2025.05.26_20.14.34/reports/signoff/violations.xml --json-file /openlane/designs/lab1_design/runs/RUN_2025.05.26_20.14.34/reports/signoff/violations.json}"

Mon May 26 20:15:40 +0000 2025 - Executing "openroad -exit /openlane/scripts/openroad/antenna_check.tcl |& tee /dev/null /openlane/designs/lab1_design/runs/RUN_2025.05.26_20.14.34/logs/signoff/40-arc.log"

Mon May 26 20:15:40 +0000 2025 - Executing "{openroad -exit /openlane/scripts/openroad/antenna_check.tcl |& tee /dev/null /openlane/designs/lab1_design/runs/RUN_2025.05.26_20.14.34/logs/signoff/40-arc.log}"

Mon May 26 20:15:41 +0000 2025 - Executing "{python3 /openlane/scripts/extract_antenna_violators.py --output /openlane/designs/lab1_design/runs/RUN_2025.05.26_20.14.34/reports/signoff/40-antenna_violators.rpt --plain-out /openlane/designs/lab1_design/runs/RUN_2025.05.26_20.14.34/reports/signoff/40-antenna_violators_pins.txt /openlane/designs/lab1_design/runs/RUN_2025.05.26_20.14.34/logs/signoff/40-arc.log}"

Mon May 26 20:15:41 +0000 2025 - Executing "{python3 /openlane/scripts/write_runtime.py --conclude --seconds --time-in 1748290541 {flow completed}}"

Mon May 26 20:15:41 +0000 2025 - Executing "{python3 /openlane/scripts/generate_reports.py -d /openlane/designs/lab1_design --design_name lab1 --tag RUN_2025.05.26_20.14.34 --output_file /openlane/designs/lab1_design/runs/RUN_2025.05.26_20.14.34/reports/metrics.csv --man_report /openlane/designs/lab1_design/runs/RUN_2025.05.26_20.14.34/reports/manufacturability.rpt --run_path /openlane/designs/lab1_design/runs/RUN_2025.05.26_20.14.34}"

