
===========================================================================
 report_power
============================================================================
======================= Fastest Corner ===================================

Group                  Internal  Switching    Leakage      Total
                          Power      Power      Power      Power (Watts)
----------------------------------------------------------------
Sequential             0.00e+00   0.00e+00   0.00e+00   0.00e+00   0.0%
Combinational          4.78e-06   1.16e-05   1.53e-10   1.64e-05 100.0%
Clock                  0.00e+00   0.00e+00   1.40e-10   1.40e-10   0.0%
Macro                  0.00e+00   0.00e+00   0.00e+00   0.00e+00   0.0%
Pad                    0.00e+00   0.00e+00   0.00e+00   0.00e+00   0.0%
----------------------------------------------------------------
Total                  4.78e-06   1.16e-05   2.94e-10   1.64e-05 100.0%
                          29.2%      70.8%       0.0%

======================= Slowest Corner ===================================

Group                  Internal  Switching    Leakage      Total
                          Power      Power      Power      Power (Watts)
----------------------------------------------------------------
Sequential             0.00e+00   0.00e+00   0.00e+00   0.00e+00   0.0%
Combinational          3.54e-06   7.73e-06   1.52e-07   1.14e-05 100.0%
Clock                  0.00e+00   0.00e+00   1.40e-10   1.40e-10   0.0%
Macro                  0.00e+00   0.00e+00   0.00e+00   0.00e+00   0.0%
Pad                    0.00e+00   0.00e+00   0.00e+00   0.00e+00   0.0%
----------------------------------------------------------------
Total                  3.54e-06   7.73e-06   1.52e-07   1.14e-05 100.0%
                          31.0%      67.6%       1.3%

======================= Typical Corner ===================================

Group                  Internal  Switching    Leakage      Total
                          Power      Power      Power      Power (Watts)
----------------------------------------------------------------
Sequential             0.00e+00   0.00e+00   0.00e+00   0.00e+00   0.0%
Combinational          4.29e-06   9.82e-06   8.79e-11   1.41e-05 100.0%
Clock                  0.00e+00   0.00e+00   1.40e-10   1.40e-10   0.0%
Macro                  0.00e+00   0.00e+00   0.00e+00   0.00e+00   0.0%
Pad                    0.00e+00   0.00e+00   0.00e+00   0.00e+00   0.0%
----------------------------------------------------------------
Total                  4.29e-06   9.82e-06   2.28e-10   1.41e-05 100.0%
                          30.4%      69.6%       0.0%

