
===========================================================================
report_checks -path_delay max (Setup)
============================================================================
======================= Fastest Corner ===================================

Startpoint: in[0] (input port clocked by __VIRTUAL_CLK__)
Endpoint: out[6] (output port clocked by __VIRTUAL_CLK__)
Path Group: __VIRTUAL_CLK__
Path Type: max
Corner: Fastest

Fanout     Cap    Slew   Delay    Time   Description
-----------------------------------------------------------------------------
                  0.00    0.00    0.00   clock __VIRTUAL_CLK__ (rise edge)
                          0.00    0.00   clock network delay (ideal)
                          2.00    2.00 v input external delay
     1    0.00    0.00    0.00    2.00 v in[0] (in)
                                         in[0] (net)
                  0.00    0.00    2.00 v input1/A (sky130_fd_sc_hd__dlymetal6s2s_1)
     5    0.02    0.08    0.13    2.13 v input1/X (sky130_fd_sc_hd__dlymetal6s2s_1)
                                         net1 (net)
                  0.08    0.00    2.13 v _13_/B (sky130_fd_sc_hd__or4_2)
     5    0.02    0.10    0.44    2.58 v _13_/X (sky130_fd_sc_hd__or4_2)
                                         _02_ (net)
                  0.10    0.00    2.58 v _20_/D (sky130_fd_sc_hd__or4_1)
     2    0.01    0.09    0.30    2.87 v _20_/X (sky130_fd_sc_hd__or4_1)
                                         _06_ (net)
                  0.09    0.00    2.88 v _22_/A (sky130_fd_sc_hd__and2_1)
     1    0.01    0.03    0.12    2.99 v _22_/X (sky130_fd_sc_hd__and2_1)
                                         _08_ (net)
                  0.03    0.00    2.99 v _23_/A (sky130_fd_sc_hd__clkbuf_1)
     1    0.00    0.02    0.06    3.06 v _23_/X (sky130_fd_sc_hd__clkbuf_1)
                                         net15 (net)
                  0.02    0.00    3.06 v output15/A (sky130_fd_sc_hd__buf_2)
     1    0.03    0.06    0.12    3.18 v output15/X (sky130_fd_sc_hd__buf_2)
                                         out[6] (net)
                  0.06    0.00    3.18 v out[6] (out)
                                  3.18   data arrival time

                  0.00   10.00   10.00   clock __VIRTUAL_CLK__ (rise edge)
                          0.00   10.00   clock network delay (ideal)
                         -0.25    9.75   clock uncertainty
                          0.00    9.75   clock reconvergence pessimism
                         -2.00    7.75   output external delay
                                  7.75   data required time
-----------------------------------------------------------------------------
                                  7.75   data required time
                                 -3.18   data arrival time
-----------------------------------------------------------------------------
                                  4.57   slack (MET)


Startpoint: in[0] (input port clocked by __VIRTUAL_CLK__)
Endpoint: out[7] (output port clocked by __VIRTUAL_CLK__)
Path Group: __VIRTUAL_CLK__
Path Type: max
Corner: Fastest

Fanout     Cap    Slew   Delay    Time   Description
-----------------------------------------------------------------------------
                  0.00    0.00    0.00   clock __VIRTUAL_CLK__ (rise edge)
                          0.00    0.00   clock network delay (ideal)
                          2.00    2.00 v input external delay
     1    0.00    0.00    0.00    2.00 v in[0] (in)
                                         in[0] (net)
                  0.00    0.00    2.00 v input1/A (sky130_fd_sc_hd__dlymetal6s2s_1)
     5    0.02    0.08    0.13    2.13 v input1/X (sky130_fd_sc_hd__dlymetal6s2s_1)
                                         net1 (net)
                  0.08    0.00    2.13 v _13_/B (sky130_fd_sc_hd__or4_2)
     5    0.02    0.10    0.44    2.58 v _13_/X (sky130_fd_sc_hd__or4_2)
                                         _02_ (net)
                  0.10    0.00    2.58 v _20_/D (sky130_fd_sc_hd__or4_1)
     2    0.01    0.09    0.30    2.87 v _20_/X (sky130_fd_sc_hd__or4_1)
                                         _06_ (net)
                  0.09    0.00    2.88 v _24_/B (sky130_fd_sc_hd__xor2_1)
     1    0.00    0.11    0.13    3.01 ^ _24_/X (sky130_fd_sc_hd__xor2_1)
                                         net16 (net)
                  0.11    0.00    3.01 ^ output16/A (sky130_fd_sc_hd__buf_2)
     1    0.03    0.13    0.16    3.17 ^ output16/X (sky130_fd_sc_hd__buf_2)
                                         out[7] (net)
                  0.13    0.00    3.17 ^ out[7] (out)
                                  3.17   data arrival time

                  0.00   10.00   10.00   clock __VIRTUAL_CLK__ (rise edge)
                          0.00   10.00   clock network delay (ideal)
                         -0.25    9.75   clock uncertainty
                          0.00    9.75   clock reconvergence pessimism
                         -2.00    7.75   output external delay
                                  7.75   data required time
-----------------------------------------------------------------------------
                                  7.75   data required time
                                 -3.17   data arrival time
-----------------------------------------------------------------------------
                                  4.58   slack (MET)


Startpoint: in[0] (input port clocked by __VIRTUAL_CLK__)
Endpoint: out[5] (output port clocked by __VIRTUAL_CLK__)
Path Group: __VIRTUAL_CLK__
Path Type: max
Corner: Fastest

Fanout     Cap    Slew   Delay    Time   Description
-----------------------------------------------------------------------------
                  0.00    0.00    0.00   clock __VIRTUAL_CLK__ (rise edge)
                          0.00    0.00   clock network delay (ideal)
                          2.00    2.00 v input external delay
     1    0.00    0.00    0.00    2.00 v in[0] (in)
                                         in[0] (net)
                  0.00    0.00    2.00 v input1/A (sky130_fd_sc_hd__dlymetal6s2s_1)
     5    0.02    0.08    0.13    2.13 v input1/X (sky130_fd_sc_hd__dlymetal6s2s_1)
                                         net1 (net)
                  0.08    0.00    2.13 v _13_/B (sky130_fd_sc_hd__or4_2)
     5    0.02    0.10    0.44    2.58 v _13_/X (sky130_fd_sc_hd__or4_2)
                                         _02_ (net)
                  0.10    0.00    2.58 v _16_/B (sky130_fd_sc_hd__nor2_1)
     2    0.01    0.19    0.18    2.76 ^ _16_/Y (sky130_fd_sc_hd__nor2_1)
                                         _04_ (net)
                  0.19    0.00    2.76 ^ _19_/B (sky130_fd_sc_hd__xnor2_1)
     1    0.00    0.10    0.09    2.85 ^ _19_/Y (sky130_fd_sc_hd__xnor2_1)
                                         net14 (net)
                  0.10    0.00    2.85 ^ output14/A (sky130_fd_sc_hd__buf_2)
     1    0.03    0.13    0.16    3.01 ^ output14/X (sky130_fd_sc_hd__buf_2)
                                         out[5] (net)
                  0.13    0.00    3.01 ^ out[5] (out)
                                  3.01   data arrival time

                  0.00   10.00   10.00   clock __VIRTUAL_CLK__ (rise edge)
                          0.00   10.00   clock network delay (ideal)
                         -0.25    9.75   clock uncertainty
                          0.00    9.75   clock reconvergence pessimism
                         -2.00    7.75   output external delay
                                  7.75   data required time
-----------------------------------------------------------------------------
                                  7.75   data required time
                                 -3.01   data arrival time
-----------------------------------------------------------------------------
                                  4.74   slack (MET)


Startpoint: in[0] (input port clocked by __VIRTUAL_CLK__)
Endpoint: out[4] (output port clocked by __VIRTUAL_CLK__)
Path Group: __VIRTUAL_CLK__
Path Type: max
Corner: Fastest

Fanout     Cap    Slew   Delay    Time   Description
-----------------------------------------------------------------------------
                  0.00    0.00    0.00   clock __VIRTUAL_CLK__ (rise edge)
                          0.00    0.00   clock network delay (ideal)
                          2.00    2.00 v input external delay
     1    0.00    0.00    0.00    2.00 v in[0] (in)
                                         in[0] (net)
                  0.00    0.00    2.00 v input1/A (sky130_fd_sc_hd__dlymetal6s2s_1)
     5    0.02    0.08    0.13    2.13 v input1/X (sky130_fd_sc_hd__dlymetal6s2s_1)
                                         net1 (net)
                  0.08    0.00    2.13 v _13_/B (sky130_fd_sc_hd__or4_2)
     5    0.02    0.10    0.44    2.58 v _13_/X (sky130_fd_sc_hd__or4_2)
                                         _02_ (net)
                  0.10    0.00    2.58 v _17_/B (sky130_fd_sc_hd__and2_1)
     1    0.01    0.03    0.14    2.72 v _17_/X (sky130_fd_sc_hd__and2_1)
                                         _05_ (net)
                  0.03    0.00    2.72 v _18_/B (sky130_fd_sc_hd__nor2_1)
     1    0.01    0.13    0.12    2.83 ^ _18_/Y (sky130_fd_sc_hd__nor2_1)
                                         net13 (net)
                  0.13    0.00    2.84 ^ output13/A (sky130_fd_sc_hd__buf_2)
     1    0.03    0.13    0.17    3.00 ^ output13/X (sky130_fd_sc_hd__buf_2)
                                         out[4] (net)
                  0.13    0.00    3.00 ^ out[4] (out)
                                  3.00   data arrival time

                  0.00   10.00   10.00   clock __VIRTUAL_CLK__ (rise edge)
                          0.00   10.00   clock network delay (ideal)
                         -0.25    9.75   clock uncertainty
                          0.00    9.75   clock reconvergence pessimism
                         -2.00    7.75   output external delay
                                  7.75   data required time
-----------------------------------------------------------------------------
                                  7.75   data required time
                                 -3.00   data arrival time
-----------------------------------------------------------------------------
                                  4.75   slack (MET)


Startpoint: in[0] (input port clocked by __VIRTUAL_CLK__)
Endpoint: out[3] (output port clocked by __VIRTUAL_CLK__)
Path Group: __VIRTUAL_CLK__
Path Type: max
Corner: Fastest

Fanout     Cap    Slew   Delay    Time   Description
-----------------------------------------------------------------------------
                  0.00    0.00    0.00   clock __VIRTUAL_CLK__ (rise edge)
                          0.00    0.00   clock network delay (ideal)
                          2.00    2.00 v input external delay
     1    0.00    0.00    0.00    2.00 v in[0] (in)
                                         in[0] (net)
                  0.00    0.00    2.00 v input1/A (sky130_fd_sc_hd__dlymetal6s2s_1)
     5    0.02    0.08    0.13    2.13 v input1/X (sky130_fd_sc_hd__dlymetal6s2s_1)
                                         net1 (net)
                  0.08    0.00    2.13 v _13_/B (sky130_fd_sc_hd__or4_2)
     5    0.02    0.10    0.44    2.58 v _13_/X (sky130_fd_sc_hd__or4_2)
                                         _02_ (net)
                  0.10    0.00    2.58 v _14_/B (sky130_fd_sc_hd__and2b_1)
     1    0.01    0.03    0.14    2.72 v _14_/X (sky130_fd_sc_hd__and2b_1)
                                         _03_ (net)
                  0.03    0.00    2.72 v _15_/A (sky130_fd_sc_hd__clkbuf_1)
     1    0.00    0.02    0.06    2.78 v _15_/X (sky130_fd_sc_hd__clkbuf_1)
                                         net12 (net)
                  0.02    0.00    2.78 v output12/A (sky130_fd_sc_hd__buf_2)
     1    0.03    0.06    0.12    2.89 v output12/X (sky130_fd_sc_hd__buf_2)
                                         out[3] (net)
                  0.06    0.00    2.89 v out[3] (out)
                                  2.89   data arrival time

                  0.00   10.00   10.00   clock __VIRTUAL_CLK__ (rise edge)
                          0.00   10.00   clock network delay (ideal)
                         -0.25    9.75   clock uncertainty
                          0.00    9.75   clock reconvergence pessimism
                         -2.00    7.75   output external delay
                                  7.75   data required time
-----------------------------------------------------------------------------
                                  7.75   data required time
                                 -2.89   data arrival time
-----------------------------------------------------------------------------
                                  4.86   slack (MET)


Startpoint: in[0] (input port clocked by __VIRTUAL_CLK__)
Endpoint: out[2] (output port clocked by __VIRTUAL_CLK__)
Path Group: __VIRTUAL_CLK__
Path Type: max
Corner: Fastest

Fanout     Cap    Slew   Delay    Time   Description
-----------------------------------------------------------------------------
                  0.00    0.00    0.00   clock __VIRTUAL_CLK__ (rise edge)
                          0.00    0.00   clock network delay (ideal)
                          2.00    2.00 v input external delay
     1    0.00    0.00    0.00    2.00 v in[0] (in)
                                         in[0] (net)
                  0.00    0.00    2.00 v input1/A (sky130_fd_sc_hd__dlymetal6s2s_1)
     5    0.02    0.08    0.13    2.13 v input1/X (sky130_fd_sc_hd__dlymetal6s2s_1)
                                         net1 (net)
                  0.08    0.00    2.13 v _10_/B (sky130_fd_sc_hd__nor2_1)
     2    0.01    0.17    0.16    2.30 ^ _10_/Y (sky130_fd_sc_hd__nor2_1)
                                         _00_ (net)
                  0.17    0.00    2.30 ^ _11_/B (sky130_fd_sc_hd__xnor2_1)
     1    0.00    0.09    0.08    2.38 ^ _11_/Y (sky130_fd_sc_hd__xnor2_1)
                                         net11 (net)
                  0.09    0.00    2.38 ^ output11/A (sky130_fd_sc_hd__buf_2)
     1    0.03    0.13    0.16    2.54 ^ output11/X (sky130_fd_sc_hd__buf_2)
                                         out[2] (net)
                  0.13    0.00    2.54 ^ out[2] (out)
                                  2.54   data arrival time

                  0.00   10.00   10.00   clock __VIRTUAL_CLK__ (rise edge)
                          0.00   10.00   clock network delay (ideal)
                         -0.25    9.75   clock uncertainty
                          0.00    9.75   clock reconvergence pessimism
                         -2.00    7.75   output external delay
                                  7.75   data required time
-----------------------------------------------------------------------------
                                  7.75   data required time
                                 -2.54   data arrival time
-----------------------------------------------------------------------------
                                  5.21   slack (MET)


Startpoint: in[0] (input port clocked by __VIRTUAL_CLK__)
Endpoint: out[1] (output port clocked by __VIRTUAL_CLK__)
Path Group: __VIRTUAL_CLK__
Path Type: max
Corner: Fastest

Fanout     Cap    Slew   Delay    Time   Description
-----------------------------------------------------------------------------
                  0.00    0.00    0.00   clock __VIRTUAL_CLK__ (rise edge)
                          0.00    0.00   clock network delay (ideal)
                          2.00    2.00 ^ input external delay
     1    0.00    0.01    0.01    2.01 ^ in[0] (in)
                                         in[0] (net)
                  0.01    0.00    2.01 ^ input1/A (sky130_fd_sc_hd__dlymetal6s2s_1)
     5    0.02    0.18    0.16    2.17 ^ input1/X (sky130_fd_sc_hd__dlymetal6s2s_1)
                                         net1 (net)
                  0.18    0.00    2.17 ^ _10_/B (sky130_fd_sc_hd__nor2_1)
     2    0.01    0.07    0.07    2.24 v _10_/Y (sky130_fd_sc_hd__nor2_1)
                                         _00_ (net)
                  0.07    0.00    2.24 v _26_/A (sky130_fd_sc_hd__nor2_1)
     1    0.01    0.09    0.11    2.35 ^ _26_/Y (sky130_fd_sc_hd__nor2_1)
                                         net10 (net)
                  0.09    0.00    2.35 ^ output10/A (sky130_fd_sc_hd__buf_2)
     1    0.03    0.13    0.16    2.52 ^ output10/X (sky130_fd_sc_hd__buf_2)
                                         out[1] (net)
                  0.13    0.00    2.52 ^ out[1] (out)
                                  2.52   data arrival time

                  0.00   10.00   10.00   clock __VIRTUAL_CLK__ (rise edge)
                          0.00   10.00   clock network delay (ideal)
                         -0.25    9.75   clock uncertainty
                          0.00    9.75   clock reconvergence pessimism
                         -2.00    7.75   output external delay
                                  7.75   data required time
-----------------------------------------------------------------------------
                                  7.75   data required time
                                 -2.52   data arrival time
-----------------------------------------------------------------------------
                                  5.23   slack (MET)


Startpoint: in[0] (input port clocked by __VIRTUAL_CLK__)
Endpoint: out[0] (output port clocked by __VIRTUAL_CLK__)
Path Group: __VIRTUAL_CLK__
Path Type: max
Corner: Fastest

Fanout     Cap    Slew   Delay    Time   Description
-----------------------------------------------------------------------------
                  0.00    0.00    0.00   clock __VIRTUAL_CLK__ (rise edge)
                          0.00    0.00   clock network delay (ideal)
                          2.00    2.00 ^ input external delay
     1    0.00    0.01    0.01    2.01 ^ in[0] (in)
                                         in[0] (net)
                  0.01    0.00    2.01 ^ input1/A (sky130_fd_sc_hd__dlymetal6s2s_1)
     5    0.02    0.18    0.16    2.17 ^ input1/X (sky130_fd_sc_hd__dlymetal6s2s_1)
                                         net1 (net)
                  0.18    0.00    2.17 ^ _27_/A (sky130_fd_sc_hd__clkbuf_1)
     1    0.01    0.05    0.08    2.25 ^ _27_/X (sky130_fd_sc_hd__clkbuf_1)
                                         net9 (net)
                  0.05    0.00    2.25 ^ output9/A (sky130_fd_sc_hd__buf_2)
     1    0.04    0.13    0.15    2.40 ^ output9/X (sky130_fd_sc_hd__buf_2)
                                         out[0] (net)
                  0.13    0.00    2.40 ^ out[0] (out)
                                  2.40   data arrival time

                  0.00   10.00   10.00   clock __VIRTUAL_CLK__ (rise edge)
                          0.00   10.00   clock network delay (ideal)
                         -0.25    9.75   clock uncertainty
                          0.00    9.75   clock reconvergence pessimism
                         -2.00    7.75   output external delay
                                  7.75   data required time
-----------------------------------------------------------------------------
                                  7.75   data required time
                                 -2.40   data arrival time
-----------------------------------------------------------------------------
                                  5.35   slack (MET)



worst slack corner Fastest: 4.5702
======================= Slowest Corner ===================================

Startpoint: in[0] (input port clocked by __VIRTUAL_CLK__)
Endpoint: out[6] (output port clocked by __VIRTUAL_CLK__)
Path Group: __VIRTUAL_CLK__
Path Type: max
Corner: Slowest

Fanout     Cap    Slew   Delay    Time   Description
-----------------------------------------------------------------------------
                  0.00    0.00    0.00   clock __VIRTUAL_CLK__ (rise edge)
                          0.00    0.00   clock network delay (ideal)
                          2.00    2.00 v input external delay
     1    0.00    0.02    0.01    2.01 v in[0] (in)
                                         in[0] (net)
                  0.02    0.00    2.01 v input1/A (sky130_fd_sc_hd__dlymetal6s2s_1)
     5    0.02    0.22    0.40    2.41 v input1/X (sky130_fd_sc_hd__dlymetal6s2s_1)
                                         net1 (net)
                  0.22    0.00    2.41 v _13_/B (sky130_fd_sc_hd__or4_2)
     5    0.02    0.32    1.84    4.25 v _13_/X (sky130_fd_sc_hd__or4_2)
                                         _02_ (net)
                  0.32    0.00    4.25 v _20_/D (sky130_fd_sc_hd__or4_1)
     2    0.01    0.28    1.25    5.50 v _20_/X (sky130_fd_sc_hd__or4_1)
                                         _06_ (net)
                  0.28    0.00    5.50 v _22_/A (sky130_fd_sc_hd__and2_1)
     1    0.01    0.09    0.42    5.92 v _22_/X (sky130_fd_sc_hd__and2_1)
                                         _08_ (net)
                  0.09    0.00    5.92 v _23_/A (sky130_fd_sc_hd__clkbuf_1)
     1    0.00    0.06    0.19    6.11 v _23_/X (sky130_fd_sc_hd__clkbuf_1)
                                         net15 (net)
                  0.06    0.00    6.11 v output15/A (sky130_fd_sc_hd__buf_2)
     1    0.03    0.16    0.36    6.47 v output15/X (sky130_fd_sc_hd__buf_2)
                                         out[6] (net)
                  0.16    0.00    6.47 v out[6] (out)
                                  6.47   data arrival time

                  0.00   10.00   10.00   clock __VIRTUAL_CLK__ (rise edge)
                          0.00   10.00   clock network delay (ideal)
                         -0.25    9.75   clock uncertainty
                          0.00    9.75   clock reconvergence pessimism
                         -2.00    7.75   output external delay
                                  7.75   data required time
-----------------------------------------------------------------------------
                                  7.75   data required time
                                 -6.47   data arrival time
-----------------------------------------------------------------------------
                                  1.28   slack (MET)


Startpoint: in[0] (input port clocked by __VIRTUAL_CLK__)
Endpoint: out[7] (output port clocked by __VIRTUAL_CLK__)
Path Group: __VIRTUAL_CLK__
Path Type: max
Corner: Slowest

Fanout     Cap    Slew   Delay    Time   Description
-----------------------------------------------------------------------------
                  0.00    0.00    0.00   clock __VIRTUAL_CLK__ (rise edge)
                          0.00    0.00   clock network delay (ideal)
                          2.00    2.00 v input external delay
     1    0.00    0.02    0.01    2.01 v in[0] (in)
                                         in[0] (net)
                  0.02    0.00    2.01 v input1/A (sky130_fd_sc_hd__dlymetal6s2s_1)
     5    0.02    0.22    0.40    2.41 v input1/X (sky130_fd_sc_hd__dlymetal6s2s_1)
                                         net1 (net)
                  0.22    0.00    2.41 v _13_/B (sky130_fd_sc_hd__or4_2)
     5    0.02    0.32    1.84    4.25 v _13_/X (sky130_fd_sc_hd__or4_2)
                                         _02_ (net)
                  0.32    0.00    4.25 v _20_/D (sky130_fd_sc_hd__or4_1)
     2    0.01    0.28    1.25    5.50 v _20_/X (sky130_fd_sc_hd__or4_1)
                                         _06_ (net)
                  0.28    0.00    5.50 v _24_/B (sky130_fd_sc_hd__xor2_1)
     1    0.00    0.24    0.35    5.86 ^ _24_/X (sky130_fd_sc_hd__xor2_1)
                                         net16 (net)
                  0.24    0.00    5.86 ^ output16/A (sky130_fd_sc_hd__buf_2)
     1    0.03    0.27    0.44    6.30 ^ output16/X (sky130_fd_sc_hd__buf_2)
                                         out[7] (net)
                  0.27    0.00    6.30 ^ out[7] (out)
                                  6.30   data arrival time

                  0.00   10.00   10.00   clock __VIRTUAL_CLK__ (rise edge)
                          0.00   10.00   clock network delay (ideal)
                         -0.25    9.75   clock uncertainty
                          0.00    9.75   clock reconvergence pessimism
                         -2.00    7.75   output external delay
                                  7.75   data required time
-----------------------------------------------------------------------------
                                  7.75   data required time
                                 -6.30   data arrival time
-----------------------------------------------------------------------------
                                  1.45   slack (MET)


Startpoint: in[0] (input port clocked by __VIRTUAL_CLK__)
Endpoint: out[5] (output port clocked by __VIRTUAL_CLK__)
Path Group: __VIRTUAL_CLK__
Path Type: max
Corner: Slowest

Fanout     Cap    Slew   Delay    Time   Description
-----------------------------------------------------------------------------
                  0.00    0.00    0.00   clock __VIRTUAL_CLK__ (rise edge)
                          0.00    0.00   clock network delay (ideal)
                          2.00    2.00 v input external delay
     1    0.00    0.02    0.01    2.01 v in[0] (in)
                                         in[0] (net)
                  0.02    0.00    2.01 v input1/A (sky130_fd_sc_hd__dlymetal6s2s_1)
     5    0.02    0.22    0.40    2.41 v input1/X (sky130_fd_sc_hd__dlymetal6s2s_1)
                                         net1 (net)
                  0.22    0.00    2.41 v _13_/B (sky130_fd_sc_hd__or4_2)
     5    0.02    0.32    1.84    4.25 v _13_/X (sky130_fd_sc_hd__or4_2)
                                         _02_ (net)
                  0.32    0.00    4.25 v _16_/B (sky130_fd_sc_hd__nor2_1)
     2    0.01    0.44    0.49    4.74 ^ _16_/Y (sky130_fd_sc_hd__nor2_1)
                                         _04_ (net)
                  0.44    0.00    4.75 ^ _19_/B (sky130_fd_sc_hd__xnor2_1)
     1    0.00    0.22    0.35    5.09 ^ _19_/Y (sky130_fd_sc_hd__xnor2_1)
                                         net14 (net)
                  0.22    0.00    5.09 ^ output14/A (sky130_fd_sc_hd__buf_2)
     1    0.03    0.27    0.43    5.53 ^ output14/X (sky130_fd_sc_hd__buf_2)
                                         out[5] (net)
                  0.27    0.00    5.53 ^ out[5] (out)
                                  5.53   data arrival time

                  0.00   10.00   10.00   clock __VIRTUAL_CLK__ (rise edge)
                          0.00   10.00   clock network delay (ideal)
                         -0.25    9.75   clock uncertainty
                          0.00    9.75   clock reconvergence pessimism
                         -2.00    7.75   output external delay
                                  7.75   data required time
-----------------------------------------------------------------------------
                                  7.75   data required time
                                 -5.53   data arrival time
-----------------------------------------------------------------------------
                                  2.22   slack (MET)


Startpoint: in[0] (input port clocked by __VIRTUAL_CLK__)
Endpoint: out[4] (output port clocked by __VIRTUAL_CLK__)
Path Group: __VIRTUAL_CLK__
Path Type: max
Corner: Slowest

Fanout     Cap    Slew   Delay    Time   Description
-----------------------------------------------------------------------------
                  0.00    0.00    0.00   clock __VIRTUAL_CLK__ (rise edge)
                          0.00    0.00   clock network delay (ideal)
                          2.00    2.00 v input external delay
     1    0.00    0.02    0.01    2.01 v in[0] (in)
                                         in[0] (net)
                  0.02    0.00    2.01 v input1/A (sky130_fd_sc_hd__dlymetal6s2s_1)
     5    0.02    0.22    0.40    2.41 v input1/X (sky130_fd_sc_hd__dlymetal6s2s_1)
                                         net1 (net)
                  0.22    0.00    2.41 v _13_/B (sky130_fd_sc_hd__or4_2)
     5    0.02    0.32    1.84    4.25 v _13_/X (sky130_fd_sc_hd__or4_2)
                                         _02_ (net)
                  0.32    0.00    4.25 v _17_/B (sky130_fd_sc_hd__and2_1)
     1    0.01    0.09    0.49    4.74 v _17_/X (sky130_fd_sc_hd__and2_1)
                                         _05_ (net)
                  0.09    0.00    4.74 v _18_/B (sky130_fd_sc_hd__nor2_1)
     1    0.01    0.31    0.30    5.04 ^ _18_/Y (sky130_fd_sc_hd__nor2_1)
                                         net13 (net)
                  0.31    0.00    5.04 ^ output13/A (sky130_fd_sc_hd__buf_2)
     1    0.03    0.27    0.47    5.51 ^ output13/X (sky130_fd_sc_hd__buf_2)
                                         out[4] (net)
                  0.27    0.00    5.51 ^ out[4] (out)
                                  5.51   data arrival time

                  0.00   10.00   10.00   clock __VIRTUAL_CLK__ (rise edge)
                          0.00   10.00   clock network delay (ideal)
                         -0.25    9.75   clock uncertainty
                          0.00    9.75   clock reconvergence pessimism
                         -2.00    7.75   output external delay
                                  7.75   data required time
-----------------------------------------------------------------------------
                                  7.75   data required time
                                 -5.51   data arrival time
-----------------------------------------------------------------------------
                                  2.24   slack (MET)


Startpoint: in[0] (input port clocked by __VIRTUAL_CLK__)
Endpoint: out[3] (output port clocked by __VIRTUAL_CLK__)
Path Group: __VIRTUAL_CLK__
Path Type: max
Corner: Slowest

Fanout     Cap    Slew   Delay    Time   Description
-----------------------------------------------------------------------------
                  0.00    0.00    0.00   clock __VIRTUAL_CLK__ (rise edge)
                          0.00    0.00   clock network delay (ideal)
                          2.00    2.00 v input external delay
     1    0.00    0.02    0.01    2.01 v in[0] (in)
                                         in[0] (net)
                  0.02    0.00    2.01 v input1/A (sky130_fd_sc_hd__dlymetal6s2s_1)
     5    0.02    0.22    0.40    2.41 v input1/X (sky130_fd_sc_hd__dlymetal6s2s_1)
                                         net1 (net)
                  0.22    0.00    2.41 v _13_/B (sky130_fd_sc_hd__or4_2)
     5    0.02    0.32    1.84    4.25 v _13_/X (sky130_fd_sc_hd__or4_2)
                                         _02_ (net)
                  0.32    0.00    4.25 v _14_/B (sky130_fd_sc_hd__and2b_1)
     1    0.01    0.09    0.49    4.75 v _14_/X (sky130_fd_sc_hd__and2b_1)
                                         _03_ (net)
                  0.09    0.00    4.75 v _15_/A (sky130_fd_sc_hd__clkbuf_1)
     1    0.00    0.04    0.17    4.92 v _15_/X (sky130_fd_sc_hd__clkbuf_1)
                                         net12 (net)
                  0.04    0.00    4.92 v output12/A (sky130_fd_sc_hd__buf_2)
     1    0.03    0.17    0.35    5.27 v output12/X (sky130_fd_sc_hd__buf_2)
                                         out[3] (net)
                  0.17    0.00    5.27 v out[3] (out)
                                  5.27   data arrival time

                  0.00   10.00   10.00   clock __VIRTUAL_CLK__ (rise edge)
                          0.00   10.00   clock network delay (ideal)
                         -0.25    9.75   clock uncertainty
                          0.00    9.75   clock reconvergence pessimism
                         -2.00    7.75   output external delay
                                  7.75   data required time
-----------------------------------------------------------------------------
                                  7.75   data required time
                                 -5.27   data arrival time
-----------------------------------------------------------------------------
                                  2.48   slack (MET)


Startpoint: in[0] (input port clocked by __VIRTUAL_CLK__)
Endpoint: out[2] (output port clocked by __VIRTUAL_CLK__)
Path Group: __VIRTUAL_CLK__
Path Type: max
Corner: Slowest

Fanout     Cap    Slew   Delay    Time   Description
-----------------------------------------------------------------------------
                  0.00    0.00    0.00   clock __VIRTUAL_CLK__ (rise edge)
                          0.00    0.00   clock network delay (ideal)
                          2.00    2.00 v input external delay
     1    0.00    0.02    0.01    2.01 v in[0] (in)
                                         in[0] (net)
                  0.02    0.00    2.01 v input1/A (sky130_fd_sc_hd__dlymetal6s2s_1)
     5    0.02    0.22    0.40    2.41 v input1/X (sky130_fd_sc_hd__dlymetal6s2s_1)
                                         net1 (net)
                  0.22    0.00    2.41 v _10_/B (sky130_fd_sc_hd__nor2_1)
     2    0.01    0.39    0.41    2.83 ^ _10_/Y (sky130_fd_sc_hd__nor2_1)
                                         _00_ (net)
                  0.39    0.00    2.83 ^ _11_/B (sky130_fd_sc_hd__xnor2_1)
     1    0.00    0.20    0.33    3.16 ^ _11_/Y (sky130_fd_sc_hd__xnor2_1)
                                         net11 (net)
                  0.20    0.00    3.16 ^ output11/A (sky130_fd_sc_hd__buf_2)
     1    0.03    0.27    0.42    3.58 ^ output11/X (sky130_fd_sc_hd__buf_2)
                                         out[2] (net)
                  0.27    0.00    3.58 ^ out[2] (out)
                                  3.58   data arrival time

                  0.00   10.00   10.00   clock __VIRTUAL_CLK__ (rise edge)
                          0.00   10.00   clock network delay (ideal)
                         -0.25    9.75   clock uncertainty
                          0.00    9.75   clock reconvergence pessimism
                         -2.00    7.75   output external delay
                                  7.75   data required time
-----------------------------------------------------------------------------
                                  7.75   data required time
                                 -3.58   data arrival time
-----------------------------------------------------------------------------
                                  4.17   slack (MET)


Startpoint: in[0] (input port clocked by __VIRTUAL_CLK__)
Endpoint: out[1] (output port clocked by __VIRTUAL_CLK__)
Path Group: __VIRTUAL_CLK__
Path Type: max
Corner: Slowest

Fanout     Cap    Slew   Delay    Time   Description
-----------------------------------------------------------------------------
                  0.00    0.00    0.00   clock __VIRTUAL_CLK__ (rise edge)
                          0.00    0.00   clock network delay (ideal)
                          2.00    2.00 v input external delay
     1    0.00    0.02    0.01    2.01 v in[0] (in)
                                         in[0] (net)
                  0.02    0.00    2.01 v input1/A (sky130_fd_sc_hd__dlymetal6s2s_1)
     5    0.02    0.22    0.40    2.41 v input1/X (sky130_fd_sc_hd__dlymetal6s2s_1)
                                         net1 (net)
                  0.22    0.00    2.41 v _25_/B (sky130_fd_sc_hd__and2_1)
     1    0.01    0.09    0.43    2.84 v _25_/X (sky130_fd_sc_hd__and2_1)
                                         _09_ (net)
                  0.09    0.00    2.84 v _26_/B (sky130_fd_sc_hd__nor2_1)
     1    0.01    0.22    0.23    3.07 ^ _26_/Y (sky130_fd_sc_hd__nor2_1)
                                         net10 (net)
                  0.22    0.00    3.07 ^ output10/A (sky130_fd_sc_hd__buf_2)
     1    0.03    0.27    0.43    3.50 ^ output10/X (sky130_fd_sc_hd__buf_2)
                                         out[1] (net)
                  0.27    0.00    3.50 ^ out[1] (out)
                                  3.50   data arrival time

                  0.00   10.00   10.00   clock __VIRTUAL_CLK__ (rise edge)
                          0.00   10.00   clock network delay (ideal)
                         -0.25    9.75   clock uncertainty
                          0.00    9.75   clock reconvergence pessimism
                         -2.00    7.75   output external delay
                                  7.75   data required time
-----------------------------------------------------------------------------
                                  7.75   data required time
                                 -3.50   data arrival time
-----------------------------------------------------------------------------
                                  4.25   slack (MET)


Startpoint: in[0] (input port clocked by __VIRTUAL_CLK__)
Endpoint: out[0] (output port clocked by __VIRTUAL_CLK__)
Path Group: __VIRTUAL_CLK__
Path Type: max
Corner: Slowest

Fanout     Cap    Slew   Delay    Time   Description
-----------------------------------------------------------------------------
                  0.00    0.00    0.00   clock __VIRTUAL_CLK__ (rise edge)
                          0.00    0.00   clock network delay (ideal)
                          2.00    2.00 ^ input external delay
     1    0.00    0.03    0.02    2.02 ^ in[0] (in)
                                         in[0] (net)
                  0.03    0.00    2.02 ^ input1/A (sky130_fd_sc_hd__dlymetal6s2s_1)
     5    0.02    0.35    0.36    2.38 ^ input1/X (sky130_fd_sc_hd__dlymetal6s2s_1)
                                         net1 (net)
                  0.35    0.00    2.38 ^ _27_/A (sky130_fd_sc_hd__clkbuf_1)
     1    0.01    0.11    0.29    2.67 ^ _27_/X (sky130_fd_sc_hd__clkbuf_1)
                                         net9 (net)
                  0.11    0.00    2.67 ^ output9/A (sky130_fd_sc_hd__buf_2)
     1    0.04    0.28    0.39    3.06 ^ output9/X (sky130_fd_sc_hd__buf_2)
                                         out[0] (net)
                  0.28    0.00    3.06 ^ out[0] (out)
                                  3.06   data arrival time

                  0.00   10.00   10.00   clock __VIRTUAL_CLK__ (rise edge)
                          0.00   10.00   clock network delay (ideal)
                         -0.25    9.75   clock uncertainty
                          0.00    9.75   clock reconvergence pessimism
                         -2.00    7.75   output external delay
                                  7.75   data required time
-----------------------------------------------------------------------------
                                  7.75   data required time
                                 -3.06   data arrival time
-----------------------------------------------------------------------------
                                  4.69   slack (MET)



worst slack corner Slowest: 1.2825
======================= Typical Corner ===================================

Startpoint: in[0] (input port clocked by __VIRTUAL_CLK__)
Endpoint: out[6] (output port clocked by __VIRTUAL_CLK__)
Path Group: __VIRTUAL_CLK__
Path Type: max
Corner: Typical

Fanout     Cap    Slew   Delay    Time   Description
-----------------------------------------------------------------------------
                  0.00    0.00    0.00   clock __VIRTUAL_CLK__ (rise edge)
                          0.00    0.00   clock network delay (ideal)
                          2.00    2.00 v input external delay
     1    0.00    0.01    0.00    2.00 v in[0] (in)
                                         in[0] (net)
                  0.01    0.00    2.00 v input1/A (sky130_fd_sc_hd__dlymetal6s2s_1)
     5    0.02    0.11    0.20    2.20 v input1/X (sky130_fd_sc_hd__dlymetal6s2s_1)
                                         net1 (net)
                  0.11    0.00    2.20 v _13_/B (sky130_fd_sc_hd__or4_2)
     5    0.02    0.15    0.78    2.98 v _13_/X (sky130_fd_sc_hd__or4_2)
                                         _02_ (net)
                  0.15    0.00    2.98 v _20_/D (sky130_fd_sc_hd__or4_1)
     2    0.01    0.13    0.52    3.50 v _20_/X (sky130_fd_sc_hd__or4_1)
                                         _06_ (net)
                  0.13    0.00    3.50 v _22_/A (sky130_fd_sc_hd__and2_1)
     1    0.01    0.04    0.19    3.69 v _22_/X (sky130_fd_sc_hd__and2_1)
                                         _08_ (net)
                  0.04    0.00    3.69 v _23_/A (sky130_fd_sc_hd__clkbuf_1)
     1    0.00    0.03    0.10    3.79 v _23_/X (sky130_fd_sc_hd__clkbuf_1)
                                         net15 (net)
                  0.03    0.00    3.79 v output15/A (sky130_fd_sc_hd__buf_2)
     1    0.03    0.09    0.18    3.98 v output15/X (sky130_fd_sc_hd__buf_2)
                                         out[6] (net)
                  0.09    0.00    3.98 v out[6] (out)
                                  3.98   data arrival time

                  0.00   10.00   10.00   clock __VIRTUAL_CLK__ (rise edge)
                          0.00   10.00   clock network delay (ideal)
                         -0.25    9.75   clock uncertainty
                          0.00    9.75   clock reconvergence pessimism
                         -2.00    7.75   output external delay
                                  7.75   data required time
-----------------------------------------------------------------------------
                                  7.75   data required time
                                 -3.98   data arrival time
-----------------------------------------------------------------------------
                                  3.77   slack (MET)


Startpoint: in[0] (input port clocked by __VIRTUAL_CLK__)
Endpoint: out[7] (output port clocked by __VIRTUAL_CLK__)
Path Group: __VIRTUAL_CLK__
Path Type: max
Corner: Typical

Fanout     Cap    Slew   Delay    Time   Description
-----------------------------------------------------------------------------
                  0.00    0.00    0.00   clock __VIRTUAL_CLK__ (rise edge)
                          0.00    0.00   clock network delay (ideal)
                          2.00    2.00 v input external delay
     1    0.00    0.01    0.00    2.00 v in[0] (in)
                                         in[0] (net)
                  0.01    0.00    2.00 v input1/A (sky130_fd_sc_hd__dlymetal6s2s_1)
     5    0.02    0.11    0.20    2.20 v input1/X (sky130_fd_sc_hd__dlymetal6s2s_1)
                                         net1 (net)
                  0.11    0.00    2.20 v _13_/B (sky130_fd_sc_hd__or4_2)
     5    0.02    0.15    0.78    2.98 v _13_/X (sky130_fd_sc_hd__or4_2)
                                         _02_ (net)
                  0.15    0.00    2.98 v _20_/D (sky130_fd_sc_hd__or4_1)
     2    0.01    0.13    0.52    3.50 v _20_/X (sky130_fd_sc_hd__or4_1)
                                         _06_ (net)
                  0.13    0.00    3.50 v _24_/B (sky130_fd_sc_hd__xor2_1)
     1    0.00    0.15    0.19    3.70 ^ _24_/X (sky130_fd_sc_hd__xor2_1)
                                         net16 (net)
                  0.15    0.00    3.70 ^ output16/A (sky130_fd_sc_hd__buf_2)
     1    0.03    0.17    0.25    3.94 ^ output16/X (sky130_fd_sc_hd__buf_2)
                                         out[7] (net)
                  0.17    0.00    3.94 ^ out[7] (out)
                                  3.94   data arrival time

                  0.00   10.00   10.00   clock __VIRTUAL_CLK__ (rise edge)
                          0.00   10.00   clock network delay (ideal)
                         -0.25    9.75   clock uncertainty
                          0.00    9.75   clock reconvergence pessimism
                         -2.00    7.75   output external delay
                                  7.75   data required time
-----------------------------------------------------------------------------
                                  7.75   data required time
                                 -3.94   data arrival time
-----------------------------------------------------------------------------
                                  3.81   slack (MET)


Startpoint: in[0] (input port clocked by __VIRTUAL_CLK__)
Endpoint: out[5] (output port clocked by __VIRTUAL_CLK__)
Path Group: __VIRTUAL_CLK__
Path Type: max
Corner: Typical

Fanout     Cap    Slew   Delay    Time   Description
-----------------------------------------------------------------------------
                  0.00    0.00    0.00   clock __VIRTUAL_CLK__ (rise edge)
                          0.00    0.00   clock network delay (ideal)
                          2.00    2.00 v input external delay
     1    0.00    0.01    0.00    2.00 v in[0] (in)
                                         in[0] (net)
                  0.01    0.00    2.00 v input1/A (sky130_fd_sc_hd__dlymetal6s2s_1)
     5    0.02    0.11    0.20    2.20 v input1/X (sky130_fd_sc_hd__dlymetal6s2s_1)
                                         net1 (net)
                  0.11    0.00    2.20 v _13_/B (sky130_fd_sc_hd__or4_2)
     5    0.02    0.15    0.78    2.98 v _13_/X (sky130_fd_sc_hd__or4_2)
                                         _02_ (net)
                  0.15    0.00    2.98 v _16_/B (sky130_fd_sc_hd__nor2_1)
     2    0.01    0.26    0.27    3.25 ^ _16_/Y (sky130_fd_sc_hd__nor2_1)
                                         _04_ (net)
                  0.26    0.00    3.25 ^ _19_/B (sky130_fd_sc_hd__xnor2_1)
     1    0.00    0.13    0.17    3.42 ^ _19_/Y (sky130_fd_sc_hd__xnor2_1)
                                         net14 (net)
                  0.13    0.00    3.42 ^ output14/A (sky130_fd_sc_hd__buf_2)
     1    0.03    0.17    0.24    3.66 ^ output14/X (sky130_fd_sc_hd__buf_2)
                                         out[5] (net)
                  0.17    0.00    3.66 ^ out[5] (out)
                                  3.66   data arrival time

                  0.00   10.00   10.00   clock __VIRTUAL_CLK__ (rise edge)
                          0.00   10.00   clock network delay (ideal)
                         -0.25    9.75   clock uncertainty
                          0.00    9.75   clock reconvergence pessimism
                         -2.00    7.75   output external delay
                                  7.75   data required time
-----------------------------------------------------------------------------
                                  7.75   data required time
                                 -3.66   data arrival time
-----------------------------------------------------------------------------
                                  4.09   slack (MET)


Startpoint: in[0] (input port clocked by __VIRTUAL_CLK__)
Endpoint: out[4] (output port clocked by __VIRTUAL_CLK__)
Path Group: __VIRTUAL_CLK__
Path Type: max
Corner: Typical

Fanout     Cap    Slew   Delay    Time   Description
-----------------------------------------------------------------------------
                  0.00    0.00    0.00   clock __VIRTUAL_CLK__ (rise edge)
                          0.00    0.00   clock network delay (ideal)
                          2.00    2.00 v input external delay
     1    0.00    0.01    0.00    2.00 v in[0] (in)
                                         in[0] (net)
                  0.01    0.00    2.00 v input1/A (sky130_fd_sc_hd__dlymetal6s2s_1)
     5    0.02    0.11    0.20    2.20 v input1/X (sky130_fd_sc_hd__dlymetal6s2s_1)
                                         net1 (net)
                  0.11    0.00    2.20 v _13_/B (sky130_fd_sc_hd__or4_2)
     5    0.02    0.15    0.78    2.98 v _13_/X (sky130_fd_sc_hd__or4_2)
                                         _02_ (net)
                  0.15    0.00    2.98 v _17_/B (sky130_fd_sc_hd__and2_1)
     1    0.01    0.05    0.22    3.20 v _17_/X (sky130_fd_sc_hd__and2_1)
                                         _05_ (net)
                  0.05    0.00    3.20 v _18_/B (sky130_fd_sc_hd__nor2_1)
     1    0.01    0.18    0.17    3.37 ^ _18_/Y (sky130_fd_sc_hd__nor2_1)
                                         net13 (net)
                  0.18    0.00    3.37 ^ output13/A (sky130_fd_sc_hd__buf_2)
     1    0.03    0.17    0.25    3.63 ^ output13/X (sky130_fd_sc_hd__buf_2)
                                         out[4] (net)
                  0.17    0.00    3.63 ^ out[4] (out)
                                  3.63   data arrival time

                  0.00   10.00   10.00   clock __VIRTUAL_CLK__ (rise edge)
                          0.00   10.00   clock network delay (ideal)
                         -0.25    9.75   clock uncertainty
                          0.00    9.75   clock reconvergence pessimism
                         -2.00    7.75   output external delay
                                  7.75   data required time
-----------------------------------------------------------------------------
                                  7.75   data required time
                                 -3.63   data arrival time
-----------------------------------------------------------------------------
                                  4.12   slack (MET)


Startpoint: in[0] (input port clocked by __VIRTUAL_CLK__)
Endpoint: out[3] (output port clocked by __VIRTUAL_CLK__)
Path Group: __VIRTUAL_CLK__
Path Type: max
Corner: Typical

Fanout     Cap    Slew   Delay    Time   Description
-----------------------------------------------------------------------------
                  0.00    0.00    0.00   clock __VIRTUAL_CLK__ (rise edge)
                          0.00    0.00   clock network delay (ideal)
                          2.00    2.00 v input external delay
     1    0.00    0.01    0.00    2.00 v in[0] (in)
                                         in[0] (net)
                  0.01    0.00    2.00 v input1/A (sky130_fd_sc_hd__dlymetal6s2s_1)
     5    0.02    0.11    0.20    2.20 v input1/X (sky130_fd_sc_hd__dlymetal6s2s_1)
                                         net1 (net)
                  0.11    0.00    2.20 v _13_/B (sky130_fd_sc_hd__or4_2)
     5    0.02    0.15    0.78    2.98 v _13_/X (sky130_fd_sc_hd__or4_2)
                                         _02_ (net)
                  0.15    0.00    2.98 v _14_/B (sky130_fd_sc_hd__and2b_1)
     1    0.01    0.05    0.22    3.20 v _14_/X (sky130_fd_sc_hd__and2b_1)
                                         _03_ (net)
                  0.05    0.00    3.20 v _15_/A (sky130_fd_sc_hd__clkbuf_1)
     1    0.00    0.02    0.09    3.29 v _15_/X (sky130_fd_sc_hd__clkbuf_1)
                                         net12 (net)
                  0.02    0.00    3.29 v output12/A (sky130_fd_sc_hd__buf_2)
     1    0.03    0.09    0.18    3.47 v output12/X (sky130_fd_sc_hd__buf_2)
                                         out[3] (net)
                  0.09    0.00    3.47 v out[3] (out)
                                  3.47   data arrival time

                  0.00   10.00   10.00   clock __VIRTUAL_CLK__ (rise edge)
                          0.00   10.00   clock network delay (ideal)
                         -0.25    9.75   clock uncertainty
                          0.00    9.75   clock reconvergence pessimism
                         -2.00    7.75   output external delay
                                  7.75   data required time
-----------------------------------------------------------------------------
                                  7.75   data required time
                                 -3.47   data arrival time
-----------------------------------------------------------------------------
                                  4.28   slack (MET)


Startpoint: in[0] (input port clocked by __VIRTUAL_CLK__)
Endpoint: out[2] (output port clocked by __VIRTUAL_CLK__)
Path Group: __VIRTUAL_CLK__
Path Type: max
Corner: Typical

Fanout     Cap    Slew   Delay    Time   Description
-----------------------------------------------------------------------------
                  0.00    0.00    0.00   clock __VIRTUAL_CLK__ (rise edge)
                          0.00    0.00   clock network delay (ideal)
                          2.00    2.00 v input external delay
     1    0.00    0.01    0.00    2.00 v in[0] (in)
                                         in[0] (net)
                  0.01    0.00    2.00 v input1/A (sky130_fd_sc_hd__dlymetal6s2s_1)
     5    0.02    0.11    0.20    2.20 v input1/X (sky130_fd_sc_hd__dlymetal6s2s_1)
                                         net1 (net)
                  0.11    0.00    2.20 v _10_/B (sky130_fd_sc_hd__nor2_1)
     2    0.01    0.23    0.24    2.44 ^ _10_/Y (sky130_fd_sc_hd__nor2_1)
                                         _00_ (net)
                  0.23    0.00    2.44 ^ _11_/B (sky130_fd_sc_hd__xnor2_1)
     1    0.00    0.12    0.16    2.60 ^ _11_/Y (sky130_fd_sc_hd__xnor2_1)
                                         net11 (net)
                  0.12    0.00    2.60 ^ output11/A (sky130_fd_sc_hd__buf_2)
     1    0.03    0.17    0.24    2.84 ^ output11/X (sky130_fd_sc_hd__buf_2)
                                         out[2] (net)
                  0.17    0.00    2.84 ^ out[2] (out)
                                  2.84   data arrival time

                  0.00   10.00   10.00   clock __VIRTUAL_CLK__ (rise edge)
                          0.00   10.00   clock network delay (ideal)
                         -0.25    9.75   clock uncertainty
                          0.00    9.75   clock reconvergence pessimism
                         -2.00    7.75   output external delay
                                  7.75   data required time
-----------------------------------------------------------------------------
                                  7.75   data required time
                                 -2.84   data arrival time
-----------------------------------------------------------------------------
                                  4.91   slack (MET)


Startpoint: in[0] (input port clocked by __VIRTUAL_CLK__)
Endpoint: out[1] (output port clocked by __VIRTUAL_CLK__)
Path Group: __VIRTUAL_CLK__
Path Type: max
Corner: Typical

Fanout     Cap    Slew   Delay    Time   Description
-----------------------------------------------------------------------------
                  0.00    0.00    0.00   clock __VIRTUAL_CLK__ (rise edge)
                          0.00    0.00   clock network delay (ideal)
                          2.00    2.00 v input external delay
     1    0.00    0.01    0.00    2.00 v in[0] (in)
                                         in[0] (net)
                  0.01    0.00    2.00 v input1/A (sky130_fd_sc_hd__dlymetal6s2s_1)
     5    0.02    0.11    0.20    2.20 v input1/X (sky130_fd_sc_hd__dlymetal6s2s_1)
                                         net1 (net)
                  0.11    0.00    2.20 v _25_/B (sky130_fd_sc_hd__and2_1)
     1    0.01    0.04    0.20    2.40 v _25_/X (sky130_fd_sc_hd__and2_1)
                                         _09_ (net)
                  0.04    0.00    2.40 v _26_/B (sky130_fd_sc_hd__nor2_1)
     1    0.01    0.13    0.13    2.53 ^ _26_/Y (sky130_fd_sc_hd__nor2_1)
                                         net10 (net)
                  0.13    0.00    2.53 ^ output10/A (sky130_fd_sc_hd__buf_2)
     1    0.03    0.17    0.24    2.77 ^ output10/X (sky130_fd_sc_hd__buf_2)
                                         out[1] (net)
                  0.17    0.00    2.77 ^ out[1] (out)
                                  2.77   data arrival time

                  0.00   10.00   10.00   clock __VIRTUAL_CLK__ (rise edge)
                          0.00   10.00   clock network delay (ideal)
                         -0.25    9.75   clock uncertainty
                          0.00    9.75   clock reconvergence pessimism
                         -2.00    7.75   output external delay
                                  7.75   data required time
-----------------------------------------------------------------------------
                                  7.75   data required time
                                 -2.77   data arrival time
-----------------------------------------------------------------------------
                                  4.98   slack (MET)


Startpoint: in[0] (input port clocked by __VIRTUAL_CLK__)
Endpoint: out[0] (output port clocked by __VIRTUAL_CLK__)
Path Group: __VIRTUAL_CLK__
Path Type: max
Corner: Typical

Fanout     Cap    Slew   Delay    Time   Description
-----------------------------------------------------------------------------
                  0.00    0.00    0.00   clock __VIRTUAL_CLK__ (rise edge)
                          0.00    0.00   clock network delay (ideal)
                          2.00    2.00 ^ input external delay
     1    0.00    0.02    0.01    2.01 ^ in[0] (in)
                                         in[0] (net)
                  0.02    0.00    2.01 ^ input1/A (sky130_fd_sc_hd__dlymetal6s2s_1)
     5    0.02    0.23    0.22    2.23 ^ input1/X (sky130_fd_sc_hd__dlymetal6s2s_1)
                                         net1 (net)
                  0.23    0.00    2.23 ^ _27_/A (sky130_fd_sc_hd__clkbuf_1)
     1    0.01    0.07    0.14    2.38 ^ _27_/X (sky130_fd_sc_hd__clkbuf_1)
                                         net9 (net)
                  0.07    0.00    2.38 ^ output9/A (sky130_fd_sc_hd__buf_2)
     1    0.04    0.17    0.22    2.60 ^ output9/X (sky130_fd_sc_hd__buf_2)
                                         out[0] (net)
                  0.17    0.00    2.60 ^ out[0] (out)
                                  2.60   data arrival time

                  0.00   10.00   10.00   clock __VIRTUAL_CLK__ (rise edge)
                          0.00   10.00   clock network delay (ideal)
                         -0.25    9.75   clock uncertainty
                          0.00    9.75   clock reconvergence pessimism
                         -2.00    7.75   output external delay
                                  7.75   data required time
-----------------------------------------------------------------------------
                                  7.75   data required time
                                 -2.60   data arrival time
-----------------------------------------------------------------------------
                                  5.15   slack (MET)



worst slack corner Typical: 3.7735
