Instance,Terminal,Layer,X location,Y location,Voltage
FILLER_0_9_80,VPWR,li1,42.5500,35.3600,1.799995
FILLER_0_9_65,VPWR,li1,35.8800,35.3600,1.799996
FILLER_0_9_57,VPWR,li1,33.5800,35.3600,1.799996
FILLER_0_9_53,VPWR,li1,30.5900,35.3600,1.799996
FILLER_0_9_41,VPWR,li1,27.1400,35.3600,1.799996
FILLER_0_9_29,VPWR,li1,21.6200,35.3600,1.799996
FILLER_0_9_22,VPWR,li1,17.0200,35.3600,1.799996
FILLER_0_8_79,VPWR,li1,42.3200,35.3600,1.799995
FILLER_0_8_63,VPWR,li1,34.9600,35.3600,1.799996
FILLER_0_8_55,VPWR,li1,32.6600,35.3600,1.799996
FILLER_0_8_44,VPWR,li1,27.1400,35.3600,1.799996
FILLER_0_8_32,VPWR,li1,23.0000,35.3600,1.799996
FILLER_0_8_27,VPWR,li1,18.1700,35.3600,1.799996
FILLER_0_8_21,VPWR,li1,16.5600,35.3600,1.799997
FILLER_0_8_9,VPWR,li1,12.4200,35.3600,1.799997
FILLER_0_7_74,VPWR,li1,40.2500,29.9200,1.799997
FILLER_0_7_62,VPWR,li1,36.8000,29.9200,1.799998
FILLER_0_7_55,VPWR,li1,31.0500,29.9200,1.799998
FILLER_0_7_51,VPWR,li1,29.9000,29.9200,1.799998
FILLER_0_7_39,VPWR,li1,26.2200,29.9200,1.799998
FILLER_0_7_27,VPWR,li1,20.7000,29.9200,1.799998
FILLER_0_7_15,VPWR,li1,15.1800,29.9200,1.799999
FILLER_0_7_3,VPWR,li1,9.6600,29.9200,1.799999
FILLER_0_6_73,VPWR,li1,40.0200,29.9200,1.799997
FILLER_0_6_66,VPWR,li1,36.8000,29.9200,1.799998
FILLER_0_6_53,VPWR,li1,31.2800,29.9200,1.799998
FILLER_0_6_41,VPWR,li1,27.1400,29.9200,1.799998
FILLER_0_6_29,VPWR,li1,21.6200,29.9200,1.799998
FILLER_0_6_26,VPWR,li1,17.9400,29.9200,1.799999
FILLER_0_6_18,VPWR,li1,15.6400,29.9200,1.799999
FILLER_0_6_6,VPWR,li1,11.0400,29.9200,1.799999
FILLER_0_5_78,VPWR,li1,42.0900,24.4800,1.799997
FILLER_0_5_63,VPWR,li1,37.2600,24.4800,1.799998
FILLER_0_5_57,VPWR,li1,32.4300,24.4800,1.799998
FILLER_0_5_55,VPWR,li1,31.0500,24.4800,1.799998
FILLER_0_5_51,VPWR,li1,29.9000,24.4800,1.799998
FILLER_0_5_43,VPWR,li1,25.5300,24.4800,1.799998
FILLER_0_5_39,VPWR,li1,24.3800,24.4800,1.799998
FILLER_0_5_27,VPWR,li1,20.7000,24.4800,1.799998
FILLER_0_5_15,VPWR,li1,15.1800,24.4800,1.799998
FILLER_0_5_3,VPWR,li1,9.6600,24.4800,1.799999
FILLER_0_4_65,VPWR,li1,38.1800,24.4800,1.799998
FILLER_0_4_53,VPWR,li1,32.6600,24.4800,1.799998
FILLER_0_4_41,VPWR,li1,27.1400,24.4800,1.799998
FILLER_0_4_29,VPWR,li1,21.6200,24.4800,1.799998
FILLER_0_4_27,VPWR,li1,18.1700,24.4800,1.799998
FILLER_0_4_18,VPWR,li1,14.4900,24.4800,1.799998
FILLER_0_4_6,VPWR,li1,11.0400,24.4800,1.799999
FILLER_0_3_80,VPWR,li1,42.5500,19.0400,1.799998
FILLER_0_3_72,VPWR,li1,40.4800,19.0400,1.799998
FILLER_0_3_60,VPWR,li1,35.8800,19.0400,1.799999
FILLER_0_3_55,VPWR,li1,31.0500,19.0400,1.799999
FILLER_0_3_51,VPWR,li1,29.9000,19.0400,1.799999
FILLER_0_3_39,VPWR,li1,26.2200,19.0400,1.799999
FILLER_0_3_27,VPWR,li1,20.7000,19.0400,1.799999
FILLER_0_3_15,VPWR,li1,15.1800,19.0400,1.799999
FILLER_0_3_3,VPWR,li1,9.6600,19.0400,1.799999
FILLER_0_2_73,VPWR,li1,40.0200,19.0400,1.799998
FILLER_0_2_61,VPWR,li1,36.3400,19.0400,1.799999
FILLER_0_2_49,VPWR,li1,30.8200,19.0400,1.799999
FILLER_0_2_37,VPWR,li1,25.3000,19.0400,1.799999
FILLER_0_2_33,VPWR,li1,20.9300,19.0400,1.799999
FILLER_0_2_29,VPWR,li1,19.7800,19.0400,1.799999
FILLER_0_2_27,VPWR,li1,18.1700,19.0400,1.799999
FILLER_0_2_23,VPWR,li1,17.0200,19.0400,1.799999
FILLER_0_2_11,VPWR,li1,13.3400,19.0400,1.799999
FILLER_0_2_3,VPWR,li1,7.3600,19.0400,1.799999
FILLER_0_1_69,VPWR,li1,40.0200,13.6000,1.799998
FILLER_0_1_57,VPWR,li1,34.5000,13.6000,1.799999
FILLER_0_1_54,VPWR,li1,30.8200,13.6000,1.799998
FILLER_0_1_42,VPWR,li1,27.6000,13.6000,1.799998
FILLER_0_1_30,VPWR,li1,22.0800,13.6000,1.799999
FILLER_0_1_18,VPWR,li1,16.5600,13.6000,1.799999
FILLER_0_1_6,VPWR,li1,11.0400,13.6000,1.799999
FILLER_0_0_69,VPWR,li1,38.1800,13.6000,1.799998
FILLER_0_0_57,VPWR,li1,34.5000,13.6000,1.799999
FILLER_0_0_55,VPWR,li1,31.0500,13.6000,1.799998
FILLER_0_0_47,VPWR,li1,27.3700,13.6000,1.799998
FILLER_0_0_41,VPWR,li1,25.7600,13.6000,1.799999
FILLER_0_0_29,VPWR,li1,21.6200,13.6000,1.799999
FILLER_0_0_27,VPWR,li1,18.1700,13.6000,1.799999
FILLER_0_0_21,VPWR,li1,16.5600,13.6000,1.799999
FILLER_0_0_9,VPWR,li1,12.4200,13.6000,1.799999
output16,VPWR,li1,40.0200,13.6000,1.799998
output15,VPWR,li1,41.8600,13.6000,1.799998
output14,VPWR,li1,41.8600,19.0400,1.799998
output13,VPWR,li1,41.8600,24.4800,1.799997
output12,VPWR,li1,41.8600,29.9200,1.799997
output11,VPWR,li1,41.8600,29.9200,1.799997
output10,VPWR,li1,39.1000,35.3600,1.799995
output9,VPWR,li1,37.2600,35.3600,1.799996
input8,VPWR,li1,8.9700,13.6000,1.799999
input7,VPWR,li1,7.5900,13.6000,1.799999
input6,VPWR,li1,7.5900,13.6000,1.799999
input5,VPWR,li1,7.5900,24.4800,1.799998
input4,VPWR,li1,7.5900,29.9200,1.799999
input3,VPWR,li1,8.9700,35.3600,1.799997
input2,VPWR,li1,7.5900,35.3600,1.799997
input1,VPWR,li1,9.2000,35.3600,1.799997
TAP_TAPCELL_ROW_9_31,VPWR,li1,31.5100,35.6660,1.799996
TAP_TAPCELL_ROW_9_30,VPWR,li1,18.6300,35.6660,1.799996
TAP_TAPCELL_ROW_8_29,VPWR,li1,18.6300,35.0530,1.799996
TAP_TAPCELL_ROW_7_28,VPWR,li1,31.5100,30.2260,1.799998
TAP_TAPCELL_ROW_6_27,VPWR,li1,18.6300,29.6130,1.799999
TAP_TAPCELL_ROW_5_26,VPWR,li1,31.5100,24.7860,1.799998
TAP_TAPCELL_ROW_4_25,VPWR,li1,18.6300,24.1730,1.799998
TAP_TAPCELL_ROW_3_24,VPWR,li1,31.5100,19.3460,1.799999
TAP_TAPCELL_ROW_2_23,VPWR,li1,18.6300,18.7330,1.799999
TAP_TAPCELL_ROW_1_22,VPWR,li1,31.5100,13.9060,1.799998
TAP_TAPCELL_ROW_0_21,VPWR,li1,31.5100,13.2930,1.799998
TAP_TAPCELL_ROW_0_20,VPWR,li1,18.6300,13.2930,1.799999
PHY_EDGE_ROW_9_Left_19,VPWR,li1,6.2100,35.3600,1.799997
PHY_EDGE_ROW_8_Left_18,VPWR,li1,6.2100,35.3600,1.799997
PHY_EDGE_ROW_7_Left_17,VPWR,li1,6.2100,29.9200,1.799999
PHY_EDGE_ROW_6_Left_16,VPWR,li1,6.2100,29.9200,1.799999
PHY_EDGE_ROW_5_Left_15,VPWR,li1,6.2100,24.4800,1.799998
PHY_EDGE_ROW_4_Left_14,VPWR,li1,6.2100,24.4800,1.799998
PHY_EDGE_ROW_3_Left_13,VPWR,li1,6.2100,19.0400,1.799999
PHY_EDGE_ROW_2_Left_12,VPWR,li1,6.2100,19.0400,1.799999
PHY_EDGE_ROW_1_Left_11,VPWR,li1,6.2100,13.6000,1.799999
PHY_EDGE_ROW_0_Left_10,VPWR,li1,6.2100,13.6000,1.799999
PHY_EDGE_ROW_9_Right_9,VPWR,li1,43.4700,35.3600,1.799995
PHY_EDGE_ROW_8_Right_8,VPWR,li1,43.4700,35.3600,1.799995
PHY_EDGE_ROW_7_Right_7,VPWR,li1,43.4700,29.9200,1.799997
PHY_EDGE_ROW_6_Right_6,VPWR,li1,43.4700,29.9200,1.799997
PHY_EDGE_ROW_5_Right_5,VPWR,li1,43.4700,24.4800,1.799997
PHY_EDGE_ROW_4_Right_4,VPWR,li1,43.4700,24.4800,1.799997
PHY_EDGE_ROW_3_Right_3,VPWR,li1,43.4700,19.0400,1.799998
PHY_EDGE_ROW_2_Right_2,VPWR,li1,43.4700,19.0400,1.799998
PHY_EDGE_ROW_1_Right_1,VPWR,li1,43.4700,13.6000,1.799998
PHY_EDGE_ROW_0_Right_0,VPWR,li1,43.4700,13.6000,1.799998
_27_,VPWR,li1,32.4300,19.0400,1.799999
_26_,VPWR,li1,19.5500,35.3600,1.799996
_25_,VPWR,li1,32.8900,29.9200,1.799998
_24_,VPWR,li1,37.0300,35.3600,1.799996
_23_,VPWR,li1,33.8100,24.4800,1.799998
_22_,VPWR,li1,41.1700,35.3600,1.799995
_21_,VPWR,li1,9.2000,19.0400,1.799999
_20_,VPWR,li1,12.8800,35.3600,1.799997
_19_,VPWR,li1,40.2500,35.3600,1.799995
_18_,VPWR,li1,14.9500,35.3600,1.799997
_17_,VPWR,li1,29.6700,35.3600,1.799996
_16_,VPWR,li1,21.8500,19.0400,1.799999
_15_,VPWR,li1,38.4100,29.9200,1.799997
_14_,VPWR,li1,16.5600,24.4800,1.799998
_13_,VPWR,li1,27.3700,24.4800,1.799998
_12_,VPWR,li1,29.2100,13.6000,1.799998
_11_,VPWR,li1,34.2700,29.9200,1.799998
_10_,VPWR,li1,40.7100,24.4800,1.799997
