Instance,Terminal,Layer,X location,Y location,Voltage
FILLER_0_9_80,VGND,li1,42.5500,38.0800,0.000003
FILLER_0_9_65,VGND,li1,35.8800,38.0800,0.000003
FILLER_0_9_57,VGND,li1,33.5800,38.0800,0.000003
FILLER_0_9_53,VGND,li1,30.5900,38.0800,0.000002
FILLER_0_9_41,VGND,li1,27.1400,38.0800,0.000002
FILLER_0_9_29,VGND,li1,21.6200,38.0800,0.000002
FILLER_0_9_22,VGND,li1,17.0200,38.0800,0.000002
FILLER_0_8_79,VGND,li1,42.3200,32.6400,0.000003
FILLER_0_8_63,VGND,li1,34.9600,32.6400,0.000002
FILLER_0_8_55,VGND,li1,32.6600,32.6400,0.000002
FILLER_0_8_44,VGND,li1,27.1400,32.6400,0.000002
FILLER_0_8_32,VGND,li1,23.0000,32.6400,0.000002
FILLER_0_8_27,VGND,li1,18.1700,32.6400,0.000002
FILLER_0_8_21,VGND,li1,16.5600,32.6400,0.000002
FILLER_0_8_9,VGND,li1,12.4200,32.6400,0.000002
FILLER_0_7_74,VGND,li1,40.2500,32.6400,0.000002
FILLER_0_7_62,VGND,li1,36.8000,32.6400,0.000002
FILLER_0_7_55,VGND,li1,31.0500,32.6400,0.000002
FILLER_0_7_51,VGND,li1,29.9000,32.6400,0.000002
FILLER_0_7_39,VGND,li1,26.2200,32.6400,0.000002
FILLER_0_7_27,VGND,li1,20.7000,32.6400,0.000002
FILLER_0_7_15,VGND,li1,15.1800,32.6400,0.000002
FILLER_0_7_3,VGND,li1,9.6600,32.6400,0.000002
FILLER_0_6_73,VGND,li1,40.0200,27.2000,0.000003
FILLER_0_6_66,VGND,li1,36.8000,27.2000,0.000003
FILLER_0_6_53,VGND,li1,31.2800,27.2000,0.000002
FILLER_0_6_41,VGND,li1,27.1400,27.2000,0.000002
FILLER_0_6_29,VGND,li1,21.6200,27.2000,0.000002
FILLER_0_6_26,VGND,li1,17.9400,27.2000,0.000002
FILLER_0_6_18,VGND,li1,15.6400,27.2000,0.000001
FILLER_0_6_6,VGND,li1,11.0400,27.2000,0.000001
FILLER_0_5_78,VGND,li1,42.0900,27.2000,0.000003
FILLER_0_5_63,VGND,li1,37.2600,27.2000,0.000003
FILLER_0_5_57,VGND,li1,32.4300,27.2000,0.000003
FILLER_0_5_55,VGND,li1,31.0500,27.2000,0.000002
FILLER_0_5_51,VGND,li1,29.9000,27.2000,0.000002
FILLER_0_5_43,VGND,li1,25.5300,27.2000,0.000002
FILLER_0_5_39,VGND,li1,24.3800,27.2000,0.000002
FILLER_0_5_27,VGND,li1,20.7000,27.2000,0.000002
FILLER_0_5_15,VGND,li1,15.1800,27.2000,0.000001
FILLER_0_5_3,VGND,li1,9.6600,27.2000,0.000001
FILLER_0_4_65,VGND,li1,38.1800,21.7600,0.000001
FILLER_0_4_53,VGND,li1,32.6600,21.7600,0.000002
FILLER_0_4_41,VGND,li1,27.1400,21.7600,0.000001
FILLER_0_4_29,VGND,li1,21.6200,21.7600,0.000001
FILLER_0_4_27,VGND,li1,18.1700,21.7600,0.000001
FILLER_0_4_18,VGND,li1,14.4900,21.7600,0.000001
FILLER_0_4_6,VGND,li1,11.0400,21.7600,0.000001
FILLER_0_3_80,VGND,li1,42.5500,21.7600,0.000002
FILLER_0_3_72,VGND,li1,40.4800,21.7600,0.000002
FILLER_0_3_60,VGND,li1,35.8800,21.7600,0.000001
FILLER_0_3_55,VGND,li1,31.0500,21.7600,0.000002
FILLER_0_3_51,VGND,li1,29.9000,21.7600,0.000002
FILLER_0_3_39,VGND,li1,26.2200,21.7600,0.000001
FILLER_0_3_27,VGND,li1,20.7000,21.7600,0.000001
FILLER_0_3_15,VGND,li1,15.1800,21.7600,0.000001
FILLER_0_3_3,VGND,li1,9.6600,21.7600,0.000001
FILLER_0_2_73,VGND,li1,40.0200,16.3200,0.000001
FILLER_0_2_61,VGND,li1,36.3400,16.3200,0.000001
FILLER_0_2_49,VGND,li1,30.8200,16.3200,0.000001
FILLER_0_2_37,VGND,li1,25.3000,16.3200,0.000001
FILLER_0_2_33,VGND,li1,20.9300,16.3200,0.000001
FILLER_0_2_29,VGND,li1,19.7800,16.3200,0.000001
FILLER_0_2_27,VGND,li1,18.1700,16.3200,0.000001
FILLER_0_2_23,VGND,li1,17.0200,16.3200,0.000001
FILLER_0_2_11,VGND,li1,13.3400,16.3200,0.000001
FILLER_0_2_3,VGND,li1,7.3600,16.3200,0.000002
FILLER_0_1_69,VGND,li1,40.0200,16.3200,0.000001
FILLER_0_1_57,VGND,li1,34.5000,16.3200,0.000001
FILLER_0_1_54,VGND,li1,30.8200,16.3200,0.000001
FILLER_0_1_42,VGND,li1,27.6000,16.3200,0.000001
FILLER_0_1_30,VGND,li1,22.0800,16.3200,0.000001
FILLER_0_1_18,VGND,li1,16.5600,16.3200,0.000001
FILLER_0_1_6,VGND,li1,11.0400,16.3200,0.000001
FILLER_0_0_69,VGND,li1,38.1800,10.8800,0.000002
FILLER_0_0_57,VGND,li1,34.5000,10.8800,0.000002
FILLER_0_0_55,VGND,li1,31.0500,10.8800,0.000002
FILLER_0_0_47,VGND,li1,27.3700,10.8800,0.000002
FILLER_0_0_41,VGND,li1,25.7600,10.8800,0.000002
FILLER_0_0_29,VGND,li1,21.6200,10.8800,0.000002
FILLER_0_0_27,VGND,li1,18.1700,10.8800,0.000001
FILLER_0_0_21,VGND,li1,16.5600,10.8800,0.000001
FILLER_0_0_9,VGND,li1,12.4200,10.8800,0.000001
output16,VGND,li1,40.0200,10.8800,0.000003
output15,VGND,li1,41.8600,10.8800,0.000003
output14,VGND,li1,41.8600,16.3200,0.000002
output13,VGND,li1,41.8600,21.7600,0.000002
output12,VGND,li1,41.8600,27.2000,0.000003
output11,VGND,li1,41.8600,32.6400,0.000003
output10,VGND,li1,39.1000,38.0800,0.000002
output9,VGND,li1,37.2600,38.0800,0.000003
input8,VGND,li1,8.9700,10.8800,0.000001
input7,VGND,li1,7.5900,10.8800,0.000002
input6,VGND,li1,7.5900,16.3200,0.000002
input5,VGND,li1,7.5900,21.7600,0.000002
input4,VGND,li1,7.5900,27.2000,0.000001
input3,VGND,li1,8.9700,32.6400,0.000002
input2,VGND,li1,7.5900,32.6400,0.000002
input1,VGND,li1,9.2000,38.0800,0.000002
TAP_TAPCELL_ROW_9_31,VGND,li1,31.5100,37.7880,0.000002
TAP_TAPCELL_ROW_9_30,VGND,li1,18.6300,37.7880,0.000002
TAP_TAPCELL_ROW_8_29,VGND,li1,18.6300,32.9310,0.000002
TAP_TAPCELL_ROW_7_28,VGND,li1,31.5100,32.3480,0.000002
TAP_TAPCELL_ROW_6_27,VGND,li1,18.6300,27.4910,0.000002
TAP_TAPCELL_ROW_5_26,VGND,li1,31.5100,26.9080,0.000002
TAP_TAPCELL_ROW_4_25,VGND,li1,18.6300,22.0510,0.000001
TAP_TAPCELL_ROW_3_24,VGND,li1,31.5100,21.4680,0.000002
TAP_TAPCELL_ROW_2_23,VGND,li1,18.6300,16.6110,0.000001
TAP_TAPCELL_ROW_1_22,VGND,li1,31.5100,16.0280,0.000001
TAP_TAPCELL_ROW_0_21,VGND,li1,31.5100,11.1710,0.000002
TAP_TAPCELL_ROW_0_20,VGND,li1,18.6300,11.1710,0.000002
PHY_EDGE_ROW_9_Left_19,VGND,li1,6.2100,38.0800,0.000002
PHY_EDGE_ROW_8_Left_18,VGND,li1,6.2100,32.6400,0.000002
PHY_EDGE_ROW_7_Left_17,VGND,li1,6.2100,32.6400,0.000002
PHY_EDGE_ROW_6_Left_16,VGND,li1,6.2100,27.2000,0.000001
PHY_EDGE_ROW_5_Left_15,VGND,li1,6.2100,27.2000,0.000001
PHY_EDGE_ROW_4_Left_14,VGND,li1,6.2100,21.7600,0.000002
PHY_EDGE_ROW_3_Left_13,VGND,li1,6.2100,21.7600,0.000002
PHY_EDGE_ROW_2_Left_12,VGND,li1,6.2100,16.3200,0.000002
PHY_EDGE_ROW_1_Left_11,VGND,li1,6.2100,16.3200,0.000002
PHY_EDGE_ROW_0_Left_10,VGND,li1,6.2100,10.8800,0.000002
PHY_EDGE_ROW_9_Right_9,VGND,li1,43.4700,38.0800,0.000003
PHY_EDGE_ROW_8_Right_8,VGND,li1,43.4700,32.6400,0.000003
PHY_EDGE_ROW_7_Right_7,VGND,li1,43.4700,32.6400,0.000003
PHY_EDGE_ROW_6_Right_6,VGND,li1,43.4700,27.2000,0.000003
PHY_EDGE_ROW_5_Right_5,VGND,li1,43.4700,27.2000,0.000003
PHY_EDGE_ROW_4_Right_4,VGND,li1,43.4700,21.7600,0.000002
PHY_EDGE_ROW_3_Right_3,VGND,li1,43.4700,21.7600,0.000002
PHY_EDGE_ROW_2_Right_2,VGND,li1,43.4700,16.3200,0.000002
PHY_EDGE_ROW_1_Right_1,VGND,li1,43.4700,16.3200,0.000002
PHY_EDGE_ROW_0_Right_0,VGND,li1,43.4700,10.8800,0.000003
_27_,VGND,li1,32.4300,21.7600,0.000002
_26_,VGND,li1,19.5500,32.6400,0.000002
_25_,VGND,li1,32.8900,32.6400,0.000002
_24_,VGND,li1,37.0300,32.6400,0.000002
_23_,VGND,li1,33.8100,27.2000,0.000003
_22_,VGND,li1,41.1700,38.0800,0.000003
_21_,VGND,li1,9.2000,16.3200,0.000001
_20_,VGND,li1,12.8800,38.0800,0.000002
_19_,VGND,li1,40.2500,32.6400,0.000002
_18_,VGND,li1,14.9500,38.0800,0.000002
_17_,VGND,li1,29.6700,32.6400,0.000002
_16_,VGND,li1,21.8500,16.3200,0.000001
_15_,VGND,li1,38.4100,27.2000,0.000003
_14_,VGND,li1,16.5600,21.7600,0.000001
_13_,VGND,li1,27.3700,27.2000,0.000002
_12_,VGND,li1,29.2100,10.8800,0.000002
_11_,VGND,li1,34.2700,27.2000,0.000003
_10_,VGND,li1,40.7100,27.2000,0.000003
