
===========================================================================
 report_power
============================================================================
======================= Fastest Corner ===================================

Group                  Internal  Switching    Leakage      Total
                          Power      Power      Power      Power (Watts)
----------------------------------------------------------------
Sequential             0.00e+00   0.00e+00   0.00e+00   0.00e+00   0.0%
Combinational          4.78e-06   1.18e-05   1.53e-10   1.66e-05 100.0%
Clock                  0.00e+00   0.00e+00   1.40e-10   1.40e-10   0.0%
Macro                  0.00e+00   0.00e+00   0.00e+00   0.00e+00   0.0%
Pad                    0.00e+00   0.00e+00   0.00e+00   0.00e+00   0.0%
----------------------------------------------------------------
Total                  4.78e-06   1.18e-05   2.94e-10   1.66e-05 100.0%
                          28.8%      71.2%       0.0%

======================= Slowest Corner ===================================

Group                  Internal  Switching    Leakage      Total
                          Power      Power      Power      Power (Watts)
----------------------------------------------------------------
Sequential             0.00e+00   0.00e+00   0.00e+00   0.00e+00   0.0%
Combinational          3.54e-06   7.87e-06   1.52e-07   1.16e-05 100.0%
Clock                  0.00e+00   0.00e+00   1.40e-10   1.40e-10   0.0%
Macro                  0.00e+00   0.00e+00   0.00e+00   0.00e+00   0.0%
Pad                    0.00e+00   0.00e+00   0.00e+00   0.00e+00   0.0%
----------------------------------------------------------------
Total                  3.54e-06   7.87e-06   1.52e-07   1.16e-05 100.0%
                          30.6%      68.0%       1.3%

======================= Typical Corner ===================================

Group                  Internal  Switching    Leakage      Total
                          Power      Power      Power      Power (Watts)
----------------------------------------------------------------
Sequential             0.00e+00   0.00e+00   0.00e+00   0.00e+00   0.0%
Combinational          4.29e-06   1.00e-05   8.79e-11   1.43e-05 100.0%
Clock                  0.00e+00   0.00e+00   1.40e-10   1.40e-10   0.0%
Macro                  0.00e+00   0.00e+00   0.00e+00   0.00e+00   0.0%
Pad                    0.00e+00   0.00e+00   0.00e+00   0.00e+00   0.0%
----------------------------------------------------------------
Total                  4.29e-06   1.00e-05   2.28e-10   1.43e-05 100.0%
                          30.0%      70.0%       0.0%

